#
# There is insufficient memory for the Java Runtime Environment to continue.
# Native memory allocation (malloc) failed to allocate 1347216 bytes for Chunk::new
# Possible reasons:
#   The system is out of physical RAM or swap space
#   The process is running with CompressedOops enabled, and the Java Heap may be blocking the growth of the native heap
# Possible solutions:
#   Reduce memory load on the system
#   Increase physical memory or swap space
#   Check if swap backing store is full
#   Decrease Java heap size (-Xmx/-Xms)
#   Decrease number of Java threads
#   Decrease Java thread stack sizes (-Xss)
#   Set larger code cache with -XX:ReservedCodeCacheSize=
#   JVM is running with Unscaled Compressed Oops mode in which the Java heap is
#     placed in the first 4GB address space. The Java Heap base address is the
#     maximum limit for the native heap growth. Please use -XX:HeapBaseMinAddress
#     to set the Java Heap base and to place the Java Heap above 4GB virtual address.
# This output file may be truncated or incomplete.
#
#  Out of Memory Error (./src/hotspot/share/memory/arena.cpp:197), pid=2996, tid=8172
#
# JRE version: OpenJDK Runtime Environment (11.0.13) (build 11.0.13+0-b1751.21-8125866)
# Java VM: OpenJDK 64-Bit Server VM (11.0.13+0-b1751.21-8125866, mixed mode, tiered, compressed oops, g1 gc, windows-amd64)
# No core dump will be written. Minidumps are not enabled by default on client versions of Windows
#

---------------  S U M M A R Y ------------

Command Line: --add-opens=java.base/java.util=ALL-UNNAMED --add-opens=java.base/java.lang=ALL-UNNAMED --add-opens=java.base/java.lang.invoke=ALL-UNNAMED --add-opens=java.base/java.util=ALL-UNNAMED --add-opens=java.prefs/java.util.prefs=ALL-UNNAMED --add-opens=java.prefs/java.util.prefs=ALL-UNNAMED --add-opens=java.base/java.nio.charset=ALL-UNNAMED --add-opens=java.base/java.net=ALL-UNNAMED --add-opens=java.base/java.util.concurrent.atomic=ALL-UNNAMED -Xmx2048m -Dfile.encoding=UTF-8 -Duser.country=US -Duser.language=en -Duser.variant org.gradle.launcher.daemon.bootstrap.GradleDaemon 7.4

Host: 11th Gen Intel(R) Core(TM) i5-1135G7 @ 2.40GHz, 8 cores, 7G,  Windows 11 , 64 bit Build 22621 (10.0.22621.1194)
Time: Wed Mar  8 16:22:22 2023 India Standard Time elapsed time: 9777.799350 seconds (0d 2h 42m 57s)

---------------  T H R E A D  ---------------

Current thread (0x0000015c2976d800):  JavaThread "C2 CompilerThread0" daemon [_thread_in_native, id=8172, stack(0x00000030d6700000,0x00000030d6800000)]


Current CompileTask:
C2:9777799 22170       4       org.gradle.api.internal.provider.DefaultValueSourceProviderFactory$ValueSourceProvider::calculateOwnValue (14 bytes)

Stack: [0x00000030d6700000,0x00000030d6800000]
Native frames: (J=compiled Java code, j=interpreted, Vv=VM code, C=native code)
V  [jvm.dll+0x6100fa]
V  [jvm.dll+0x747090]
V  [jvm.dll+0x7486ad]
V  [jvm.dll+0x748d83]
V  [jvm.dll+0x24ab48]
V  [jvm.dll+0xc04dc]
V  [jvm.dll+0xc0a0c]
V  [jvm.dll+0x35eb9d]
V  [jvm.dll+0x32b833]
V  [jvm.dll+0x32ad2a]
V  [jvm.dll+0x2032b2]
V  [jvm.dll+0x202437]
V  [jvm.dll+0x188e01]
V  [jvm.dll+0x21106b]
V  [jvm.dll+0x20f8c1]
V  [jvm.dll+0x70de0f]
V  [jvm.dll+0x706a75]
V  [jvm.dll+0x60ed66]
C  [ucrtbase.dll+0x29363]
C  [KERNEL32.DLL+0x126bd]
C  [ntdll.dll+0x5dfb8]


---------------  P R O C E S S  ---------------

Threads class SMR info:
_java_thread_list=0x0000015c32ae1c00, length=124, elements={
0x0000015c0e949800, 0x0000015c28df5800, 0x0000015c28e13800, 0x0000015c28e1e000,
0x0000015c29768800, 0x0000015c2976a800, 0x0000015c2976d800, 0x0000015c29773000,
0x0000015c29776000, 0x0000015c298e2800, 0x0000015c2aa35800, 0x0000015c2b0e2000,
0x0000015c2b85a800, 0x0000015c2b8e8800, 0x0000015c2b8e3000, 0x0000015c2b8e9800,
0x0000015c2b8e3800, 0x0000015c2b8e7800, 0x0000015c2cf9f800, 0x0000015c2cfa0000,
0x0000015c2cf9d000, 0x0000015c2cf9b800, 0x0000015c2cf9d800, 0x0000015c2f90e800,
0x0000015c2f911800, 0x0000015c2f913000, 0x0000015c2f910800, 0x0000015c2f914000,
0x0000015c2f90f000, 0x0000015c32423800, 0x0000015c2f3e9000, 0x0000015c2f29d800,
0x0000015c2f2a0000, 0x0000015c2f2a0800, 0x0000015c2f29e800, 0x0000015c2f29b000,
0x0000015c2f2a1800, 0x0000015c2f29c000, 0x0000015c2f2a2800, 0x0000015c2f29c800,
0x0000015c2f2a7800, 0x0000015c2f2a8000, 0x0000015c2f2a4000, 0x0000015c2f2a5800,
0x0000015c2f2a5000, 0x0000015c2f2a3000, 0x0000015c2f2a6800, 0x0000015c2f2a9000,
0x0000015c2f2a9800, 0x0000015c2f3e9800, 0x0000015c2f3e5800, 0x0000015c2f3ec000,
0x0000015c2f3ea800, 0x0000015c2f3e6800, 0x0000015c2f3e8000, 0x0000015c2f3eb800,
0x0000015c2f3ed000, 0x0000015c2f3e7800, 0x0000015c2f3f2800, 0x0000015c2f3f3800,
0x0000015c2f3f2000, 0x0000015c2f3ee000, 0x0000015c2f3ef800, 0x0000015c2f3f0800,
0x0000015c2f3f1000, 0x0000015c2f3f4800, 0x0000015c2f3ee800, 0x0000015c32424800,
0x0000015c3241e800, 0x0000015c32422000, 0x0000015c32425000, 0x0000015c3241f800,
0x0000015c32420800, 0x0000015c32427000, 0x0000015c32421000, 0x0000015c3242b800,
0x0000015c32428800, 0x0000015c3242b000, 0x0000015c32429000, 0x0000015c3242a000,
0x0000015c3242c800, 0x0000015c3242d800, 0x0000015c32427800, 0x0000015c2f910000,
0x0000015c2f912800, 0x0000015c2f90d800, 0x0000015c2f916800, 0x0000015c2f915000,
0x0000015c2f91a800, 0x0000015c2f91b800, 0x0000015c2f917000, 0x0000015c2f918000,
0x0000015c2f919000, 0x0000015c2f915800, 0x0000015c2f919800, 0x0000015c2f91c000,
0x0000015c2cfa2000, 0x0000015c2cf9e800, 0x0000015c2cf9c000, 0x0000015c2cfa7800,
0x0000015c2cfa6000, 0x0000015c2cfa6800, 0x0000015c2cfa2800, 0x0000015c2cfa4800,
0x0000015c2cfa9000, 0x0000015c2cfa5000, 0x0000015c2cfa3800, 0x0000015c2cfaa000,
0x0000015c2b8e4800, 0x0000015c2b8e6000, 0x0000015c2b8e5000, 0x0000015c2b8e7000,
0x0000015c2a6d4800, 0x0000015c2a6d7000, 0x0000015c2a6d3800, 0x0000015c2a6d1000,
0x0000015c2a6d5800, 0x0000015c2a6d7800, 0x0000015c2a6d3000, 0x0000015c2a6d6000,
0x0000015c2a6d2000, 0x0000015c2a6dc000, 0x0000015c2a6da000, 0x0000015c2a6dc800
}

Java Threads: ( => current thread )
  0x0000015c0e949800 JavaThread "main" [_thread_blocked, id=23304, stack(0x00000030d5b00000,0x00000030d5c00000)]
  0x0000015c28df5800 JavaThread "Reference Handler" daemon [_thread_blocked, id=18416, stack(0x00000030d6200000,0x00000030d6300000)]
  0x0000015c28e13800 JavaThread "Finalizer" daemon [_thread_blocked, id=7316, stack(0x00000030d6300000,0x00000030d6400000)]
  0x0000015c28e1e000 JavaThread "Signal Dispatcher" daemon [_thread_blocked, id=19212, stack(0x00000030d6400000,0x00000030d6500000)]
  0x0000015c29768800 JavaThread "Attach Listener" daemon [_thread_blocked, id=8668, stack(0x00000030d6500000,0x00000030d6600000)]
  0x0000015c2976a800 JavaThread "Service Thread" daemon [_thread_blocked, id=18660, stack(0x00000030d6600000,0x00000030d6700000)]
=>0x0000015c2976d800 JavaThread "C2 CompilerThread0" daemon [_thread_in_native, id=8172, stack(0x00000030d6700000,0x00000030d6800000)]
  0x0000015c29773000 JavaThread "C1 CompilerThread0" daemon [_thread_in_native, id=6108, stack(0x00000030d6800000,0x00000030d6900000)]
  0x0000015c29776000 JavaThread "Sweeper thread" daemon [_thread_blocked, id=16360, stack(0x00000030d6900000,0x00000030d6a00000)]
  0x0000015c298e2800 JavaThread "Common-Cleaner" daemon [_thread_blocked, id=28964, stack(0x00000030d6a00000,0x00000030d6b00000)]
  0x0000015c2aa35800 JavaThread "Daemon health stats" [_thread_blocked, id=20612, stack(0x00000030d6f00000,0x00000030d7000000)]
  0x0000015c2b0e2000 JavaThread "Incoming local TCP Connector on port 53792" [_thread_in_native, id=22236, stack(0x00000030d6c00000,0x00000030d6d00000)]
  0x0000015c2b85a800 JavaThread "Daemon periodic checks" [_thread_blocked, id=17152, stack(0x00000030d7000000,0x00000030d7100000)]
  0x0000015c2b8e8800 JavaThread "Cache worker for journal cache (C:\Users\RyanSamte\.gradle\caches\journal-1)" [_thread_blocked, id=24180, stack(0x00000030d7d00000,0x00000030d7e00000)]
  0x0000015c2b8e3000 JavaThread "File lock request listener" [_thread_in_native, id=15048, stack(0x00000030d7e00000,0x00000030d7f00000)]
  0x0000015c2b8e9800 JavaThread "Cache worker for file hash cache (C:\Users\RyanSamte\.gradle\caches\7.4\fileHashes)" [_thread_blocked, id=13524, stack(0x00000030d7f00000,0x00000030d8000000)]
  0x0000015c2b8e3800 JavaThread "File watcher server" daemon [_thread_in_native, id=15324, stack(0x00000030d8200000,0x00000030d8300000)]
  0x0000015c2b8e7800 JavaThread "File watcher consumer" daemon [_thread_blocked, id=13520, stack(0x00000030d8300000,0x00000030d8400000)]
  0x0000015c2cf9f800 JavaThread "Cache worker for execution history cache (C:\Users\RyanSamte\.gradle\caches\7.4\executionHistory)" [_thread_blocked, id=12272, stack(0x00000030d8800000,0x00000030d8900000)]
  0x0000015c2cfa0000 JavaThread "jar transforms" [_thread_blocked, id=20484, stack(0x00000030d8900000,0x00000030d8a00000)]
  0x0000015c2cf9d000 JavaThread "Cache worker for file content cache (C:\Users\RyanSamte\.gradle\caches\7.4\fileContent)" [_thread_blocked, id=8700, stack(0x00000030d8a00000,0x00000030d8b00000)]
  0x0000015c2cf9b800 JavaThread "jar transforms Thread 2" [_thread_blocked, id=12248, stack(0x00000030d8b00000,0x00000030d8c00000)]
  0x0000015c2cf9d800 JavaThread "jar transforms Thread 3" [_thread_blocked, id=2984, stack(0x00000030d8d00000,0x00000030d8e00000)]
  0x0000015c2f90e800 JavaThread "jar transforms Thread 4" [_thread_blocked, id=28512, stack(0x00000030ddf00000,0x00000030de000000)]
  0x0000015c2f911800 JavaThread "jar transforms Thread 5" [_thread_blocked, id=24872, stack(0x00000030de000000,0x00000030de100000)]
  0x0000015c2f913000 JavaThread "jar transforms Thread 6" [_thread_blocked, id=10832, stack(0x00000030de100000,0x00000030de200000)]
  0x0000015c2f910800 JavaThread "jar transforms Thread 7" [_thread_blocked, id=25336, stack(0x00000030de200000,0x00000030de300000)]
  0x0000015c2f914000 JavaThread "jar transforms Thread 8" [_thread_blocked, id=1508, stack(0x00000030de300000,0x00000030de400000)]
  0x0000015c2f90f000 JavaThread "Memory manager" [_thread_blocked, id=20024, stack(0x00000030de400000,0x00000030de500000)]
  0x0000015c32423800 JavaThread "Cache worker for Java compile cache (C:\Users\RyanSamte\.gradle\caches\7.4\javaCompile)" [_thread_blocked, id=396, stack(0x00000030de500000,0x00000030de600000)]
  0x0000015c2f3e9000 JavaThread "ForkJoinPool.commonPool-worker-1" daemon [_thread_blocked, id=21860, stack(0x00000030e0100000,0x00000030e0200000)]
  0x0000015c2f29d800 JavaThread "Daemon Thread 8" [_thread_blocked, id=816, stack(0x00000030d5900000,0x00000030d5a00000)]
  0x0000015c2f2a0000 JavaThread "Handler for socket connection from /127.0.0.1:53792 to /127.0.0.1:58972" [_thread_in_native, id=13024, stack(0x00000030d5a00000,0x00000030d5b00000)]
  0x0000015c2f2a0800 JavaThread "Cancel handler" [_thread_blocked, id=28004, stack(0x00000030d7100000,0x00000030d7200000)]
  0x0000015c2f29e800 JavaThread "Daemon worker Thread 8" [_thread_in_Java, id=8740, stack(0x00000030d7200000,0x00000030d7300000)]
  0x0000015c2f29b000 JavaThread "Asynchronous log dispatcher for DefaultDaemonConnection: socket connection from /127.0.0.1:53792 to /127.0.0.1:58972" [_thread_blocked, id=22004, stack(0x00000030d7300000,0x00000030d7400000)]
  0x0000015c2f2a1800 JavaThread "Stdin handler" [_thread_blocked, id=29636, stack(0x00000030d7400000,0x00000030d7500000)]
  0x0000015c2f29c000 JavaThread "Daemon client event forwarder" [_thread_blocked, id=8312, stack(0x00000030d7500000,0x00000030d7600000)]
  0x0000015c2f2a2800 JavaThread "Cache worker for checksums cache (C:\Users\RyanSamte\AndroidStudioProjects\PDFViewer\.gradle\7.4\checksums)" [_thread_blocked, id=26728, stack(0x00000030d7600000,0x00000030d7700000)]
  0x0000015c2f29c800 JavaThread "Cache worker for cache directory md-rule (C:\Users\RyanSamte\.gradle\caches\7.4\md-rule)" [_thread_blocked, id=9544, stack(0x00000030d7700000,0x00000030d7800000)]
  0x0000015c2f2a7800 JavaThread "Cache worker for file hash cache (C:\Users\RyanSamte\AndroidStudioProjects\PDFViewer\.gradle\7.4\fileHashes)" [_thread_blocked, id=17188, stack(0x00000030d8600000,0x00000030d8700000)]
  0x0000015c2f2a8000 JavaThread "Cache worker for cache directory md-supplier (C:\Users\RyanSamte\.gradle\caches\7.4\md-supplier)" [_thread_blocked, id=8844, stack(0x00000030d8700000,0x00000030d8800000)]
  0x0000015c2f2a4000 JavaThread "Cache worker for dependencies-accessors (C:\Users\RyanSamte\AndroidStudioProjects\PDFViewer\.gradle\7.4\dependencies-accessors)" [_thread_blocked, id=15564, stack(0x00000030d8c00000,0x00000030d8d00000)]
  0x0000015c2f2a5800 JavaThread "Cache worker for Build Output Cleanup Cache (C:\Users\RyanSamte\AndroidStudioProjects\PDFViewer\.gradle\buildOutputCleanup)" [_thread_blocked, id=14404, stack(0x00000030d8e00000,0x00000030d8f00000)]
  0x0000015c2f2a5000 JavaThread "Unconstrained build operations" [_thread_blocked, id=20872, stack(0x00000030d8f00000,0x00000030d9000000)]
  0x0000015c2f2a3000 JavaThread "Unconstrained build operations Thread 2" [_thread_blocked, id=23956, stack(0x00000030d9000000,0x00000030d9100000)]
  0x0000015c2f2a6800 JavaThread "Unconstrained build operations Thread 3" [_thread_blocked, id=9036, stack(0x00000030d9100000,0x00000030d9200000)]
  0x0000015c2f2a9000 JavaThread "Unconstrained build operations Thread 4" [_thread_blocked, id=12624, stack(0x00000030d9200000,0x00000030d9300000)]
  0x0000015c2f2a9800 JavaThread "Unconstrained build operations Thread 5" [_thread_blocked, id=9228, stack(0x00000030d9300000,0x00000030d9400000)]
  0x0000015c2f3e9800 JavaThread "Unconstrained build operations Thread 6" [_thread_blocked, id=12464, stack(0x00000030d9400000,0x00000030d9500000)]
  0x0000015c2f3e5800 JavaThread "Unconstrained build operations Thread 7" [_thread_blocked, id=17064, stack(0x00000030d9500000,0x00000030d9600000)]
  0x0000015c2f3ec000 JavaThread "Unconstrained build operations Thread 8" [_thread_blocked, id=3376, stack(0x00000030d9600000,0x00000030d9700000)]
  0x0000015c2f3ea800 JavaThread "Unconstrained build operations Thread 9" [_thread_blocked, id=9044, stack(0x00000030d9700000,0x00000030d9800000)]
  0x0000015c2f3e6800 JavaThread "Unconstrained build operations Thread 10" [_thread_blocked, id=17748, stack(0x00000030d9800000,0x00000030d9900000)]
  0x0000015c2f3e8000 JavaThread "Unconstrained build operations Thread 11" [_thread_blocked, id=14292, stack(0x00000030d9900000,0x00000030d9a00000)]
  0x0000015c2f3eb800 JavaThread "Unconstrained build operations Thread 12" [_thread_blocked, id=26892, stack(0x00000030d9a00000,0x00000030d9b00000)]
  0x0000015c2f3ed000 JavaThread "Unconstrained build operations Thread 13" [_thread_blocked, id=21548, stack(0x00000030d9b00000,0x00000030d9c00000)]
  0x0000015c2f3e7800 JavaThread "Unconstrained build operations Thread 14" [_thread_blocked, id=28372, stack(0x00000030d9c00000,0x00000030d9d00000)]
  0x0000015c2f3f2800 JavaThread "Unconstrained build operations Thread 15" [_thread_blocked, id=28760, stack(0x00000030d9d00000,0x00000030d9e00000)]
  0x0000015c2f3f3800 JavaThread "Unconstrained build operations Thread 16" [_thread_blocked, id=7056, stack(0x00000030d9e00000,0x00000030d9f00000)]
  0x0000015c2f3f2000 JavaThread "Unconstrained build operations Thread 17" [_thread_blocked, id=29412, stack(0x00000030d9f00000,0x00000030da000000)]
  0x0000015c2f3ee000 JavaThread "Unconstrained build operations Thread 18" [_thread_blocked, id=28092, stack(0x00000030da000000,0x00000030da100000)]
  0x0000015c2f3ef800 JavaThread "Unconstrained build operations Thread 19" [_thread_blocked, id=3348, stack(0x00000030da100000,0x00000030da200000)]
  0x0000015c2f3f0800 JavaThread "Unconstrained build operations Thread 20" [_thread_blocked, id=18144, stack(0x00000030da200000,0x00000030da300000)]
  0x0000015c2f3f1000 JavaThread "Unconstrained build operations Thread 21" [_thread_blocked, id=11552, stack(0x00000030da300000,0x00000030da400000)]
  0x0000015c2f3f4800 JavaThread "Unconstrained build operations Thread 22" [_thread_blocked, id=26792, stack(0x00000030da400000,0x00000030da500000)]
  0x0000015c2f3ee800 JavaThread "Unconstrained build operations Thread 23" [_thread_blocked, id=27060, stack(0x00000030da500000,0x00000030da600000)]
  0x0000015c32424800 JavaThread "Unconstrained build operations Thread 24" [_thread_blocked, id=25064, stack(0x00000030da600000,0x00000030da700000)]
  0x0000015c3241e800 JavaThread "Unconstrained build operations Thread 25" [_thread_blocked, id=10484, stack(0x00000030da700000,0x00000030da800000)]
  0x0000015c32422000 JavaThread "Unconstrained build operations Thread 26" [_thread_blocked, id=11356, stack(0x00000030da800000,0x00000030da900000)]
  0x0000015c32425000 JavaThread "Unconstrained build operations Thread 27" [_thread_blocked, id=19660, stack(0x00000030da900000,0x00000030daa00000)]
  0x0000015c3241f800 JavaThread "Unconstrained build operations Thread 28" [_thread_blocked, id=14228, stack(0x00000030daa00000,0x00000030dab00000)]
  0x0000015c32420800 JavaThread "Unconstrained build operations Thread 29" [_thread_blocked, id=6872, stack(0x00000030dab00000,0x00000030dac00000)]
  0x0000015c32427000 JavaThread "Unconstrained build operations Thread 30" [_thread_blocked, id=11640, stack(0x00000030dac00000,0x00000030dad00000)]
  0x0000015c32421000 JavaThread "Unconstrained build operations Thread 31" [_thread_blocked, id=10620, stack(0x00000030dad00000,0x00000030dae00000)]
  0x0000015c3242b800 JavaThread "Unconstrained build operations Thread 32" [_thread_blocked, id=25668, stack(0x00000030dae00000,0x00000030daf00000)]
  0x0000015c32428800 JavaThread "Unconstrained build operations Thread 33" [_thread_blocked, id=24624, stack(0x00000030daf00000,0x00000030db000000)]
  0x0000015c3242b000 JavaThread "Unconstrained build operations Thread 34" [_thread_blocked, id=17656, stack(0x00000030db000000,0x00000030db100000)]
  0x0000015c32429000 JavaThread "Unconstrained build operations Thread 35" [_thread_blocked, id=4392, stack(0x00000030db100000,0x00000030db200000)]
  0x0000015c3242a000 JavaThread "Unconstrained build operations Thread 36" [_thread_blocked, id=28776, stack(0x00000030db200000,0x00000030db300000)]
  0x0000015c3242c800 JavaThread "Unconstrained build operations Thread 37" [_thread_blocked, id=26888, stack(0x00000030db300000,0x00000030db400000)]
  0x0000015c3242d800 JavaThread "Unconstrained build operations Thread 38" [_thread_blocked, id=29436, stack(0x00000030db400000,0x00000030db500000)]
  0x0000015c32427800 JavaThread "Unconstrained build operations Thread 39" [_thread_blocked, id=11084, stack(0x00000030db500000,0x00000030db600000)]
  0x0000015c2f910000 JavaThread "Unconstrained build operations Thread 40" [_thread_blocked, id=4400, stack(0x00000030db600000,0x00000030db700000)]
  0x0000015c2f912800 JavaThread "Unconstrained build operations Thread 41" [_thread_blocked, id=18340, stack(0x00000030db700000,0x00000030db800000)]
  0x0000015c2f90d800 JavaThread "Unconstrained build operations Thread 42" [_thread_blocked, id=29080, stack(0x00000030db800000,0x00000030db900000)]
  0x0000015c2f916800 JavaThread "Unconstrained build operations Thread 43" [_thread_blocked, id=14036, stack(0x00000030db900000,0x00000030dba00000)]
  0x0000015c2f915000 JavaThread "Unconstrained build operations Thread 44" [_thread_blocked, id=11364, stack(0x00000030dba00000,0x00000030dbb00000)]
  0x0000015c2f91a800 JavaThread "Unconstrained build operations Thread 45" [_thread_blocked, id=12900, stack(0x00000030dbb00000,0x00000030dbc00000)]
  0x0000015c2f91b800 JavaThread "Unconstrained build operations Thread 46" [_thread_blocked, id=6572, stack(0x00000030dbc00000,0x00000030dbd00000)]
  0x0000015c2f917000 JavaThread "Unconstrained build operations Thread 47" [_thread_blocked, id=23632, stack(0x00000030dbd00000,0x00000030dbe00000)]
  0x0000015c2f918000 JavaThread "Unconstrained build operations Thread 48" [_thread_blocked, id=28324, stack(0x00000030dbe00000,0x00000030dbf00000)]
  0x0000015c2f919000 JavaThread "Unconstrained build operations Thread 49" [_thread_blocked, id=19176, stack(0x00000030dbf00000,0x00000030dc000000)]
  0x0000015c2f915800 JavaThread "Unconstrained build operations Thread 50" [_thread_blocked, id=5672, stack(0x00000030dc000000,0x00000030dc100000)]
  0x0000015c2f919800 JavaThread "Unconstrained build operations Thread 51" [_thread_blocked, id=26244, stack(0x00000030dc100000,0x00000030dc200000)]
  0x0000015c2f91c000 JavaThread "Unconstrained build operations Thread 52" [_thread_blocked, id=20920, stack(0x00000030dc200000,0x00000030dc300000)]
  0x0000015c2cfa2000 JavaThread "Unconstrained build operations Thread 53" [_thread_blocked, id=29680, stack(0x00000030dc300000,0x00000030dc400000)]
  0x0000015c2cf9e800 JavaThread "Unconstrained build operations Thread 54" [_thread_blocked, id=23244, stack(0x00000030dc400000,0x00000030dc500000)]
  0x0000015c2cf9c000 JavaThread "Unconstrained build operations Thread 55" [_thread_blocked, id=8532, stack(0x00000030dc500000,0x00000030dc600000)]
  0x0000015c2cfa7800 JavaThread "Unconstrained build operations Thread 56" [_thread_blocked, id=14792, stack(0x00000030dc600000,0x00000030dc700000)]
  0x0000015c2cfa6000 JavaThread "Unconstrained build operations Thread 57" [_thread_blocked, id=6364, stack(0x00000030dc700000,0x00000030dc800000)]
  0x0000015c2cfa6800 JavaThread "Unconstrained build operations Thread 58" [_thread_blocked, id=8316, stack(0x00000030dc800000,0x00000030dc900000)]
  0x0000015c2cfa2800 JavaThread "Unconstrained build operations Thread 59" [_thread_blocked, id=5164, stack(0x00000030dc900000,0x00000030dca00000)]
  0x0000015c2cfa4800 JavaThread "Unconstrained build operations Thread 60" [_thread_blocked, id=8096, stack(0x00000030dca00000,0x00000030dcb00000)]
  0x0000015c2cfa9000 JavaThread "Unconstrained build operations Thread 61" [_thread_blocked, id=24008, stack(0x00000030dcb00000,0x00000030dcc00000)]
  0x0000015c2cfa5000 JavaThread "Unconstrained build operations Thread 62" [_thread_blocked, id=15976, stack(0x00000030dcc00000,0x00000030dcd00000)]
  0x0000015c2cfa3800 JavaThread "Unconstrained build operations Thread 63" [_thread_blocked, id=24900, stack(0x00000030dcd00000,0x00000030dce00000)]
  0x0000015c2cfaa000 JavaThread "Unconstrained build operations Thread 64" [_thread_blocked, id=11024, stack(0x00000030dce00000,0x00000030dcf00000)]
  0x0000015c2b8e4800 JavaThread "Unconstrained build operations Thread 65" [_thread_blocked, id=27212, stack(0x00000030dcf00000,0x00000030dd000000)]
  0x0000015c2b8e6000 JavaThread "Unconstrained build operations Thread 66" [_thread_blocked, id=26516, stack(0x00000030dd000000,0x00000030dd100000)]
  0x0000015c2b8e5000 JavaThread "Unconstrained build operations Thread 67" [_thread_blocked, id=14572, stack(0x00000030dd100000,0x00000030dd200000)]
  0x0000015c2b8e7000 JavaThread "Unconstrained build operations Thread 68" [_thread_blocked, id=23432, stack(0x00000030dd200000,0x00000030dd300000)]
  0x0000015c2a6d4800 JavaThread "Unconstrained build operations Thread 69" [_thread_blocked, id=22276, stack(0x00000030dd300000,0x00000030dd400000)]
  0x0000015c2a6d7000 JavaThread "Unconstrained build operations Thread 70" [_thread_blocked, id=12176, stack(0x00000030dd400000,0x00000030dd500000)]
  0x0000015c2a6d3800 JavaThread "Unconstrained build operations Thread 71" [_thread_blocked, id=13780, stack(0x00000030dd500000,0x00000030dd600000)]
  0x0000015c2a6d1000 JavaThread "Unconstrained build operations Thread 72" [_thread_blocked, id=19896, stack(0x00000030dd600000,0x00000030dd700000)]
  0x0000015c2a6d5800 JavaThread "Unconstrained build operations Thread 73" [_thread_blocked, id=26896, stack(0x00000030dd700000,0x00000030dd800000)]
  0x0000015c2a6d7800 JavaThread "Unconstrained build operations Thread 74" [_thread_blocked, id=21480, stack(0x00000030dd800000,0x00000030dd900000)]
  0x0000015c2a6d3000 JavaThread "Unconstrained build operations Thread 75" [_thread_blocked, id=18868, stack(0x00000030dd900000,0x00000030dda00000)]
  0x0000015c2a6d6000 JavaThread "Unconstrained build operations Thread 76" [_thread_blocked, id=22344, stack(0x00000030dda00000,0x00000030ddb00000)]
  0x0000015c2a6d2000 JavaThread "Unconstrained build operations Thread 77" [_thread_blocked, id=28892, stack(0x00000030ddb00000,0x00000030ddc00000)]
  0x0000015c2a6dc000 JavaThread "Unconstrained build operations Thread 78" [_thread_blocked, id=15760, stack(0x00000030ddc00000,0x00000030ddd00000)]
  0x0000015c2a6da000 JavaThread "Unconstrained build operations Thread 79" [_thread_blocked, id=20372, stack(0x00000030ddd00000,0x00000030dde00000)]
  0x0000015c2a6dc800 JavaThread "Unconstrained build operations Thread 80" [_thread_blocked, id=26180, stack(0x00000030dde00000,0x00000030ddf00000)]

Other Threads:
  0x0000015c28df1000 VMThread "VM Thread" [stack: 0x00000030d6100000,0x00000030d6200000] [id=4576]
  0x0000015c29901000 WatcherThread [stack: 0x00000030d6b00000,0x00000030d6c00000] [id=7532]
  0x0000015c0e962000 GCTaskThread "GC Thread#0" [stack: 0x00000030d5c00000,0x00000030d5d00000] [id=27240]
  0x0000015c2a4dd800 GCTaskThread "GC Thread#1" [stack: 0x00000030d6d00000,0x00000030d6e00000] [id=12116]
  0x0000015c2a61c800 GCTaskThread "GC Thread#2" [stack: 0x00000030d6e00000,0x00000030d6f00000] [id=13692]
  0x0000015c2a3b0800 GCTaskThread "GC Thread#3" [stack: 0x00000030d7800000,0x00000030d7900000] [id=26204]
  0x0000015c2bf8b800 GCTaskThread "GC Thread#4" [stack: 0x00000030d7900000,0x00000030d7a00000] [id=16164]
  0x0000015c2b5f3000 GCTaskThread "GC Thread#5" [stack: 0x00000030d7a00000,0x00000030d7b00000] [id=13976]
  0x0000015c2b5f3800 GCTaskThread "GC Thread#6" [stack: 0x00000030d7b00000,0x00000030d7c00000] [id=12748]
  0x0000015c2c3d4800 GCTaskThread "GC Thread#7" [stack: 0x00000030d7c00000,0x00000030d7d00000] [id=16712]
  0x0000015c0e996000 ConcurrentGCThread "G1 Main Marker" [stack: 0x00000030d5d00000,0x00000030d5e00000] [id=24736]
  0x0000015c0e99a000 ConcurrentGCThread "G1 Conc#0" [stack: 0x00000030d5e00000,0x00000030d5f00000] [id=18776]
  0x0000015c2be25800 ConcurrentGCThread "G1 Conc#1" [stack: 0x00000030d8000000,0x00000030d8100000] [id=24316]
  0x0000015c28c40800 ConcurrentGCThread "G1 Refine#0" [stack: 0x00000030d5f00000,0x00000030d6000000] [id=22220]
  0x0000015c2ac73000 ConcurrentGCThread "G1 Refine#1" [stack: 0x00000030d8100000,0x00000030d8200000] [id=14360]
  0x0000015c2c761000 ConcurrentGCThread "G1 Refine#2" [stack: 0x00000030d8400000,0x00000030d8500000] [id=6384]
  0x0000015c2af17800 ConcurrentGCThread "G1 Refine#3" [stack: 0x00000030d8500000,0x00000030d8600000] [id=8928]
  0x0000015c0ea1e000 ConcurrentGCThread "G1 Young RemSet Sampling" [stack: 0x00000030d6000000,0x00000030d6100000] [id=25420]

Threads with active compile tasks:
C2 CompilerThread09777836 22170       4       org.gradle.api.internal.provider.DefaultValueSourceProviderFactory$ValueSourceProvider::calculateOwnValue (14 bytes)
C1 CompilerThread09777836 22187       3       org.objectweb.asm.Frame::execute (2318 bytes)

VM state:not at safepoint (normal execution)

VM Mutex/Monitor currently owned by a thread: None

Heap address: 0x0000000080000000, size: 2048 MB, Compressed Oops mode: 32-bit
Narrow klass base: 0x0000000000000000, Narrow klass shift: 3
Compressed class space size: 1073741824 Address: 0x0000000100000000

Heap:
 garbage-first heap   total 313344K, used 181679K [0x0000000080000000, 0x0000000100000000)
  region size 1024K, 60 young (61440K), 4 survivors (4096K)
 Metaspace       used 130409K, capacity 134108K, committed 134440K, reserved 1165312K
  class space    used 16421K, capacity 17755K, committed 17868K, reserved 1048576K
Heap Regions: E=young(eden), S=young(survivor), O=old, HS=humongous(starts), HC=humongous(continues), CS=collection set, F=free, A=archive, TAMS=top-at-mark-start (previous, next)
|   0|0x0000000080000000, 0x0000000080100000, 0x0000000080100000|100%| O|  |TAMS 0x0000000080100000, 0x0000000080000000| Untracked 
|   1|0x0000000080100000, 0x0000000080200000, 0x0000000080200000|100%| O|  |TAMS 0x0000000080200000, 0x0000000080100000| Untracked 
|   2|0x0000000080200000, 0x0000000080300000, 0x0000000080300000|100%| O|  |TAMS 0x0000000080300000, 0x0000000080200000| Untracked 
|   3|0x0000000080300000, 0x0000000080400000, 0x0000000080400000|100%|HS|  |TAMS 0x0000000080400000, 0x0000000080300000| Complete 
|   4|0x0000000080400000, 0x0000000080500000, 0x0000000080500000|100%|HC|  |TAMS 0x0000000080500000, 0x0000000080400000| Complete 
|   5|0x0000000080500000, 0x0000000080600000, 0x0000000080600000|100%|HC|  |TAMS 0x0000000080600000, 0x0000000080500000| Complete 
|   6|0x0000000080600000, 0x0000000080700000, 0x0000000080700000|100%| O|  |TAMS 0x0000000080700000, 0x0000000080600000| Untracked 
|   7|0x0000000080700000, 0x0000000080800000, 0x0000000080800000|100%| O|  |TAMS 0x0000000080800000, 0x0000000080700000| Untracked 
|   8|0x0000000080800000, 0x0000000080900000, 0x0000000080900000|100%| O|  |TAMS 0x0000000080900000, 0x0000000080800000| Untracked 
|   9|0x0000000080900000, 0x0000000080a00000, 0x0000000080a00000|100%| O|  |TAMS 0x0000000080a00000, 0x0000000080900000| Untracked 
|  10|0x0000000080a00000, 0x0000000080b00000, 0x0000000080b00000|100%| O|  |TAMS 0x0000000080b00000, 0x0000000080a00000| Untracked 
|  11|0x0000000080b00000, 0x0000000080c00000, 0x0000000080c00000|100%| O|  |TAMS 0x0000000080c00000, 0x0000000080b00000| Untracked 
|  12|0x0000000080c00000, 0x0000000080d00000, 0x0000000080d00000|100%| O|  |TAMS 0x0000000080d00000, 0x0000000080c00000| Untracked 
|  13|0x0000000080d00000, 0x0000000080e00000, 0x0000000080e00000|100%| O|  |TAMS 0x0000000080e00000, 0x0000000080d00000| Untracked 
|  14|0x0000000080e00000, 0x0000000080f00000, 0x0000000080f00000|100%| O|  |TAMS 0x0000000080f00000, 0x0000000080e00000| Untracked 
|  15|0x0000000080f00000, 0x0000000081000000, 0x0000000081000000|100%| O|  |TAMS 0x0000000081000000, 0x0000000080f00000| Untracked 
|  16|0x0000000081000000, 0x0000000081100000, 0x0000000081100000|100%|HS|  |TAMS 0x0000000081100000, 0x0000000081000000| Complete 
|  17|0x0000000081100000, 0x0000000081200000, 0x0000000081200000|100%| O|  |TAMS 0x0000000081200000, 0x0000000081100000| Untracked 
|  18|0x0000000081200000, 0x0000000081300000, 0x0000000081300000|100%| O|  |TAMS 0x0000000081300000, 0x0000000081200000| Untracked 
|  19|0x0000000081300000, 0x0000000081400000, 0x0000000081400000|100%| O|  |TAMS 0x0000000081400000, 0x0000000081300000| Untracked 
|  20|0x0000000081400000, 0x0000000081500000, 0x0000000081500000|100%| O|  |TAMS 0x0000000081500000, 0x0000000081400000| Untracked 
|  21|0x0000000081500000, 0x0000000081600000, 0x0000000081600000|100%| O|  |TAMS 0x0000000081600000, 0x0000000081500000| Untracked 
|  22|0x0000000081600000, 0x0000000081700000, 0x0000000081700000|100%| O|  |TAMS 0x0000000081700000, 0x0000000081600000| Untracked 
|  23|0x0000000081700000, 0x0000000081800000, 0x0000000081800000|100%| O|  |TAMS 0x0000000081800000, 0x0000000081700000| Untracked 
|  24|0x0000000081800000, 0x0000000081900000, 0x0000000081900000|100%| O|  |TAMS 0x0000000081900000, 0x0000000081800000| Untracked 
|  25|0x0000000081900000, 0x0000000081a00000, 0x0000000081a00000|100%| O|  |TAMS 0x0000000081a00000, 0x0000000081900000| Untracked 
|  26|0x0000000081a00000, 0x0000000081b00000, 0x0000000081b00000|100%| O|  |TAMS 0x0000000081a00000, 0x0000000081a00000| Untracked 
|  27|0x0000000081b00000, 0x0000000081c00000, 0x0000000081c00000|100%| O|  |TAMS 0x0000000081c00000, 0x0000000081b00000| Untracked 
|  28|0x0000000081c00000, 0x0000000081d00000, 0x0000000081d00000|100%|HS|  |TAMS 0x0000000081d00000, 0x0000000081c00000| Complete 
|  29|0x0000000081d00000, 0x0000000081e00000, 0x0000000081e00000|100%| O|  |TAMS 0x0000000081e00000, 0x0000000081d00000| Untracked 
|  30|0x0000000081e00000, 0x0000000081f00000, 0x0000000081f00000|100%| O|  |TAMS 0x0000000081f00000, 0x0000000081e00000| Untracked 
|  31|0x0000000081f00000, 0x0000000082000000, 0x0000000082000000|100%|HS|  |TAMS 0x0000000082000000, 0x0000000081f00000| Complete 
|  32|0x0000000082000000, 0x0000000082100000, 0x0000000082100000|100%|HC|  |TAMS 0x0000000082100000, 0x0000000082000000| Complete 
|  33|0x0000000082100000, 0x0000000082200000, 0x0000000082200000|100%| O|  |TAMS 0x0000000082200000, 0x0000000082100000| Untracked 
|  34|0x0000000082200000, 0x0000000082300000, 0x0000000082300000|100%| O|  |TAMS 0x0000000082300000, 0x0000000082200000| Untracked 
|  35|0x0000000082300000, 0x0000000082400000, 0x0000000082400000|100%| O|  |TAMS 0x0000000082400000, 0x0000000082300000| Untracked 
|  36|0x0000000082400000, 0x0000000082500000, 0x0000000082500000|100%| O|  |TAMS 0x0000000082500000, 0x0000000082400000| Untracked 
|  37|0x0000000082500000, 0x0000000082600000, 0x0000000082600000|100%| O|  |TAMS 0x0000000082500000, 0x0000000082500000| Untracked 
|  38|0x0000000082600000, 0x0000000082700000, 0x0000000082700000|100%| O|  |TAMS 0x0000000082600000, 0x0000000082600000| Untracked 
|  39|0x0000000082700000, 0x0000000082800000, 0x0000000082800000|100%| O|  |TAMS 0x0000000082700000, 0x0000000082700000| Untracked 
|  40|0x0000000082800000, 0x0000000082900000, 0x0000000082900000|100%| O|  |TAMS 0x0000000082800000, 0x0000000082800000| Untracked 
|  41|0x0000000082900000, 0x0000000082a00000, 0x0000000082a00000|100%| O|  |TAMS 0x0000000082900000, 0x0000000082900000| Untracked 
|  42|0x0000000082a00000, 0x0000000082b00000, 0x0000000082b00000|100%| O|  |TAMS 0x0000000082b00000, 0x0000000082a00000| Untracked 
|  43|0x0000000082b00000, 0x0000000082c00000, 0x0000000082c00000|100%| O|  |TAMS 0x0000000082b00000, 0x0000000082b00000| Untracked 
|  44|0x0000000082c00000, 0x0000000082d00000, 0x0000000082d00000|100%| O|  |TAMS 0x0000000082d00000, 0x0000000082c00000| Untracked 
|  45|0x0000000082d00000, 0x0000000082e00000, 0x0000000082e00000|100%| O|  |TAMS 0x0000000082d00000, 0x0000000082d00000| Untracked 
|  46|0x0000000082e00000, 0x0000000082f00000, 0x0000000082f00000|100%| O|  |TAMS 0x0000000082f00000, 0x0000000082e00000| Untracked 
|  47|0x0000000082f00000, 0x0000000083000000, 0x0000000083000000|100%| O|  |TAMS 0x0000000083000000, 0x0000000082f00000| Untracked 
|  48|0x0000000083000000, 0x0000000083100000, 0x0000000083100000|100%| O|  |TAMS 0x0000000083100000, 0x0000000083000000| Untracked 
|  49|0x0000000083100000, 0x0000000083200000, 0x0000000083200000|100%| O|  |TAMS 0x0000000083200000, 0x0000000083100000| Untracked 
|  50|0x0000000083200000, 0x0000000083300000, 0x0000000083300000|100%| O|  |TAMS 0x0000000083300000, 0x0000000083200000| Untracked 
|  51|0x0000000083300000, 0x0000000083400000, 0x0000000083400000|100%| O|  |TAMS 0x0000000083300000, 0x0000000083300000| Untracked 
|  52|0x0000000083400000, 0x0000000083500000, 0x0000000083500000|100%| O|  |TAMS 0x0000000083400000, 0x0000000083400000| Untracked 
|  53|0x0000000083500000, 0x0000000083600000, 0x0000000083600000|100%| O|  |TAMS 0x0000000083600000, 0x0000000083500000| Untracked 
|  54|0x0000000083600000, 0x0000000083700000, 0x0000000083700000|100%|HS|  |TAMS 0x0000000083600000, 0x0000000083600000| Complete 
|  55|0x0000000083700000, 0x0000000083800000, 0x0000000083800000|100%|HC|  |TAMS 0x0000000083700000, 0x0000000083700000| Complete 
|  56|0x0000000083800000, 0x0000000083900000, 0x0000000083900000|100%| O|  |TAMS 0x0000000083800000, 0x0000000083800000| Untracked 
|  57|0x0000000083900000, 0x0000000083a00000, 0x0000000083a00000|100%| O|  |TAMS 0x0000000083a00000, 0x0000000083900000| Untracked 
|  58|0x0000000083a00000, 0x0000000083b00000, 0x0000000083b00000|100%| O|  |TAMS 0x0000000083b00000, 0x0000000083a00000| Untracked 
|  59|0x0000000083b00000, 0x0000000083c00000, 0x0000000083c00000|100%| O|  |TAMS 0x0000000083b00000, 0x0000000083b00000| Untracked 
|  60|0x0000000083c00000, 0x0000000083d00000, 0x0000000083d00000|100%| O|  |TAMS 0x0000000083d00000, 0x0000000083c00000| Untracked 
|  61|0x0000000083d00000, 0x0000000083e00000, 0x0000000083e00000|100%| O|  |TAMS 0x0000000083d00000, 0x0000000083d00000| Untracked 
|  62|0x0000000083e00000, 0x0000000083f00000, 0x0000000083f00000|100%| O|  |TAMS 0x0000000083e00000, 0x0000000083e00000| Untracked 
|  63|0x0000000083f00000, 0x0000000084000000, 0x0000000084000000|100%| O|  |TAMS 0x0000000084000000, 0x0000000083f00000| Untracked 
|  64|0x0000000084000000, 0x0000000084100000, 0x0000000084100000|100%| O|  |TAMS 0x0000000084100000, 0x0000000084000000| Untracked 
|  65|0x0000000084100000, 0x0000000084200000, 0x0000000084200000|100%| O|  |TAMS 0x0000000084200000, 0x0000000084100000| Untracked 
|  66|0x0000000084200000, 0x0000000084300000, 0x0000000084300000|100%| O|  |TAMS 0x0000000084300000, 0x0000000084200000| Untracked 
|  67|0x0000000084300000, 0x0000000084400000, 0x0000000084400000|100%| O|  |TAMS 0x0000000084300000, 0x0000000084300000| Untracked 
|  68|0x0000000084400000, 0x0000000084500000, 0x0000000084500000|100%| O|  |TAMS 0x0000000084400000, 0x0000000084400000| Untracked 
|  69|0x0000000084500000, 0x0000000084600000, 0x0000000084600000|100%| O|  |TAMS 0x0000000084600000, 0x0000000084500000| Untracked 
|  70|0x0000000084600000, 0x0000000084700000, 0x0000000084700000|100%| O|  |TAMS 0x0000000084700000, 0x0000000084600000| Untracked 
|  71|0x0000000084700000, 0x0000000084800000, 0x0000000084800000|100%| O|  |TAMS 0x0000000084800000, 0x0000000084700000| Untracked 
|  72|0x0000000084800000, 0x0000000084900000, 0x0000000084900000|100%| O|  |TAMS 0x0000000084900000, 0x0000000084800000| Untracked 
|  73|0x0000000084900000, 0x0000000084a00000, 0x0000000084a00000|100%| O|  |TAMS 0x0000000084a00000, 0x0000000084900000| Untracked 
|  74|0x0000000084a00000, 0x0000000084b00000, 0x0000000084b00000|100%| O|  |TAMS 0x0000000084b00000, 0x0000000084a00000| Untracked 
|  75|0x0000000084b00000, 0x0000000084c00000, 0x0000000084c00000|100%| O|  |TAMS 0x0000000084b00000, 0x0000000084b00000| Untracked 
|  76|0x0000000084c00000, 0x0000000084d00000, 0x0000000084d00000|100%| O|  |TAMS 0x0000000084d00000, 0x0000000084c00000| Untracked 
|  77|0x0000000084d00000, 0x0000000084e00000, 0x0000000084e00000|100%| O|  |TAMS 0x0000000084e00000, 0x0000000084d00000| Untracked 
|  78|0x0000000084e00000, 0x0000000084f00000, 0x0000000084f00000|100%| O|  |TAMS 0x0000000084f00000, 0x0000000084e00000| Untracked 
|  79|0x0000000084f00000, 0x0000000085000000, 0x0000000085000000|100%| O|  |TAMS 0x0000000084f00000, 0x0000000084f00000| Untracked 
|  80|0x0000000085000000, 0x0000000085100000, 0x0000000085100000|100%| O|  |TAMS 0x0000000085000000, 0x0000000085000000| Untracked 
|  81|0x0000000085100000, 0x0000000085200000, 0x0000000085200000|100%| O|  |TAMS 0x0000000085200000, 0x0000000085100000| Untracked 
|  82|0x0000000085200000, 0x0000000085300000, 0x0000000085300000|100%| O|  |TAMS 0x0000000085200000, 0x0000000085200000| Untracked 
|  83|0x0000000085300000, 0x0000000085400000, 0x0000000085400000|100%| O|  |TAMS 0x0000000085300000, 0x0000000085300000| Untracked 
|  84|0x0000000085400000, 0x0000000085500000, 0x0000000085500000|100%| O|  |TAMS 0x0000000085400000, 0x0000000085400000| Untracked 
|  85|0x0000000085500000, 0x000000008556e200, 0x0000000085600000| 43%| O|  |TAMS 0x0000000085500000, 0x0000000085500000| Untracked 
|  86|0x0000000085600000, 0x0000000085700000, 0x0000000085700000|100%| O|  |TAMS 0x0000000085600000, 0x0000000085600000| Untracked 
|  87|0x0000000085700000, 0x0000000085800000, 0x0000000085800000|100%|HS|  |TAMS 0x0000000085700000, 0x0000000085700000| Complete 
|  88|0x0000000085800000, 0x0000000085900000, 0x0000000085900000|100%| O|  |TAMS 0x0000000085800000, 0x0000000085800000| Untracked 
|  89|0x0000000085900000, 0x0000000085a00000, 0x0000000085a00000|100%| O|  |TAMS 0x0000000085a00000, 0x0000000085900000| Untracked 
|  90|0x0000000085a00000, 0x0000000085b00000, 0x0000000085b00000|100%| O|  |TAMS 0x0000000085b00000, 0x0000000085a00000| Untracked 
|  91|0x0000000085b00000, 0x0000000085c00000, 0x0000000085c00000|100%| O|  |TAMS 0x0000000085b00000, 0x0000000085b00000| Untracked 
|  92|0x0000000085c00000, 0x0000000085d00000, 0x0000000085d00000|100%| O|  |TAMS 0x0000000085c00000, 0x0000000085c00000| Untracked 
|  93|0x0000000085d00000, 0x0000000085e00000, 0x0000000085e00000|100%| O|  |TAMS 0x0000000085e00000, 0x0000000085d00000| Untracked 
|  94|0x0000000085e00000, 0x0000000085f00000, 0x0000000085f00000|100%| O|  |TAMS 0x0000000085f00000, 0x0000000085e00000| Untracked 
|  95|0x0000000085f00000, 0x0000000086000000, 0x0000000086000000|100%|HS|  |TAMS 0x0000000085f00000, 0x0000000085f00000| Complete 
|  96|0x0000000086000000, 0x0000000086100000, 0x0000000086100000|100%|HS|  |TAMS 0x0000000086000000, 0x0000000086000000| Complete 
|  97|0x0000000086100000, 0x0000000086200000, 0x0000000086200000|100%|HS|  |TAMS 0x0000000086100000, 0x0000000086100000| Complete 
|  98|0x0000000086200000, 0x0000000086300000, 0x0000000086300000|100%|HS|  |TAMS 0x0000000086200000, 0x0000000086200000| Complete 
|  99|0x0000000086300000, 0x0000000086400000, 0x0000000086400000|100%|HS|  |TAMS 0x0000000086300000, 0x0000000086300000| Complete 
| 100|0x0000000086400000, 0x0000000086500000, 0x0000000086500000|100%|HS|  |TAMS 0x0000000086400000, 0x0000000086400000| Complete 
| 101|0x0000000086500000, 0x0000000086600000, 0x0000000086600000|100%|HS|  |TAMS 0x0000000086500000, 0x0000000086500000| Complete 
| 102|0x0000000086600000, 0x0000000086600000, 0x0000000086700000|  0%| F|  |TAMS 0x0000000086600000, 0x0000000086600000| Untracked 
| 103|0x0000000086700000, 0x0000000086700000, 0x0000000086800000|  0%| F|  |TAMS 0x0000000086700000, 0x0000000086700000| Untracked 
| 104|0x0000000086800000, 0x0000000086800000, 0x0000000086900000|  0%| F|  |TAMS 0x0000000086800000, 0x0000000086800000| Untracked 
| 105|0x0000000086900000, 0x0000000086900000, 0x0000000086a00000|  0%| F|  |TAMS 0x0000000086900000, 0x0000000086900000| Untracked 
| 106|0x0000000086a00000, 0x0000000086a00000, 0x0000000086b00000|  0%| F|  |TAMS 0x0000000086a00000, 0x0000000086a00000| Untracked 
| 107|0x0000000086b00000, 0x0000000086b00000, 0x0000000086c00000|  0%| F|  |TAMS 0x0000000086b00000, 0x0000000086b00000| Untracked 
| 108|0x0000000086c00000, 0x0000000086d00000, 0x0000000086d00000|100%| O|  |TAMS 0x0000000086d00000, 0x0000000086c00000| Untracked 
| 109|0x0000000086d00000, 0x0000000086e00000, 0x0000000086e00000|100%| O|  |TAMS 0x0000000086e00000, 0x0000000086d00000| Untracked 
| 110|0x0000000086e00000, 0x0000000086f00000, 0x0000000086f00000|100%| O|  |TAMS 0x0000000086f00000, 0x0000000086e00000| Untracked 
| 111|0x0000000086f00000, 0x0000000087000000, 0x0000000087000000|100%| O|  |TAMS 0x0000000087000000, 0x0000000086f00000| Untracked 
| 112|0x0000000087000000, 0x0000000087100000, 0x0000000087100000|100%| O|  |TAMS 0x0000000087100000, 0x0000000087000000| Untracked 
| 113|0x0000000087100000, 0x0000000087200000, 0x0000000087200000|100%| O|  |TAMS 0x0000000087200000, 0x0000000087100000| Untracked 
| 114|0x0000000087200000, 0x0000000087200000, 0x0000000087300000|  0%| F|  |TAMS 0x0000000087200000, 0x0000000087200000| Untracked 
| 115|0x0000000087300000, 0x0000000087400000, 0x0000000087400000|100%| O|  |TAMS 0x0000000087400000, 0x0000000087300000| Untracked 
| 116|0x0000000087400000, 0x0000000087500000, 0x0000000087500000|100%| O|  |TAMS 0x0000000087500000, 0x0000000087400000| Untracked 
| 117|0x0000000087500000, 0x0000000087600000, 0x0000000087600000|100%| O|  |TAMS 0x0000000087600000, 0x0000000087500000| Untracked 
| 118|0x0000000087600000, 0x0000000087600000, 0x0000000087700000|  0%| F|  |TAMS 0x0000000087600000, 0x0000000087600000| Untracked 
| 119|0x0000000087700000, 0x0000000087800000, 0x0000000087800000|100%| O|  |TAMS 0x0000000087800000, 0x0000000087700000| Untracked 
| 120|0x0000000087800000, 0x0000000087900000, 0x0000000087900000|100%| O|  |TAMS 0x0000000087900000, 0x0000000087800000| Untracked 
| 121|0x0000000087900000, 0x0000000087900000, 0x0000000087a00000|  0%| F|  |TAMS 0x0000000087900000, 0x0000000087900000| Untracked 
| 122|0x0000000087a00000, 0x0000000087b00000, 0x0000000087b00000|100%| O|  |TAMS 0x0000000087b00000, 0x0000000087a00000| Untracked 
| 123|0x0000000087b00000, 0x0000000087b00000, 0x0000000087c00000|  0%| F|  |TAMS 0x0000000087b00000, 0x0000000087b00000| Untracked 
| 124|0x0000000087c00000, 0x0000000087d00000, 0x0000000087d00000|100%| O|  |TAMS 0x0000000087d00000, 0x0000000087c00000| Untracked 
| 125|0x0000000087d00000, 0x0000000087e00000, 0x0000000087e00000|100%| O|  |TAMS 0x0000000087e00000, 0x0000000087d00000| Untracked 
| 126|0x0000000087e00000, 0x0000000087f00000, 0x0000000087f00000|100%| O|  |TAMS 0x0000000087f00000, 0x0000000087e00000| Untracked 
| 127|0x0000000087f00000, 0x0000000087f00000, 0x0000000088000000|  0%| F|  |TAMS 0x0000000087f00000, 0x0000000087f00000| Untracked 
| 128|0x0000000088000000, 0x0000000088100000, 0x0000000088100000|100%| O|  |TAMS 0x0000000088100000, 0x0000000088000000| Untracked 
| 129|0x0000000088100000, 0x0000000088100000, 0x0000000088200000|  0%| F|  |TAMS 0x0000000088100000, 0x0000000088100000| Untracked 
| 130|0x0000000088200000, 0x0000000088200000, 0x0000000088300000|  0%| F|  |TAMS 0x0000000088200000, 0x0000000088200000| Untracked 
| 131|0x0000000088300000, 0x0000000088300000, 0x0000000088400000|  0%| F|  |TAMS 0x0000000088300000, 0x0000000088300000| Untracked 
| 132|0x0000000088400000, 0x0000000088400000, 0x0000000088500000|  0%| F|  |TAMS 0x0000000088400000, 0x0000000088400000| Untracked 
| 133|0x0000000088500000, 0x0000000088500000, 0x0000000088600000|  0%| F|  |TAMS 0x0000000088500000, 0x0000000088500000| Untracked 
| 134|0x0000000088600000, 0x0000000088600000, 0x0000000088700000|  0%| F|  |TAMS 0x0000000088600000, 0x0000000088600000| Untracked 
| 135|0x0000000088700000, 0x0000000088700000, 0x0000000088800000|  0%| F|  |TAMS 0x0000000088700000, 0x0000000088700000| Untracked 
| 136|0x0000000088800000, 0x0000000088800000, 0x0000000088900000|  0%| F|  |TAMS 0x0000000088800000, 0x0000000088800000| Untracked 
| 137|0x0000000088900000, 0x0000000088900000, 0x0000000088a00000|  0%| F|  |TAMS 0x0000000088900000, 0x0000000088900000| Untracked 
| 138|0x0000000088a00000, 0x0000000088a00000, 0x0000000088b00000|  0%| F|  |TAMS 0x0000000088a00000, 0x0000000088a00000| Untracked 
| 139|0x0000000088b00000, 0x0000000088b00000, 0x0000000088c00000|  0%| F|  |TAMS 0x0000000088b00000, 0x0000000088b00000| Untracked 
| 140|0x0000000088c00000, 0x0000000088c00000, 0x0000000088d00000|  0%| F|  |TAMS 0x0000000088c00000, 0x0000000088c00000| Untracked 
| 141|0x0000000088d00000, 0x0000000088d00000, 0x0000000088e00000|  0%| F|  |TAMS 0x0000000088d00000, 0x0000000088d00000| Untracked 
| 142|0x0000000088e00000, 0x0000000088e00000, 0x0000000088f00000|  0%| F|  |TAMS 0x0000000088e00000, 0x0000000088e00000| Untracked 
| 143|0x0000000088f00000, 0x0000000088f00000, 0x0000000089000000|  0%| F|  |TAMS 0x0000000088f00000, 0x0000000088f00000| Untracked 
| 144|0x0000000089000000, 0x0000000089000000, 0x0000000089100000|  0%| F|  |TAMS 0x0000000089000000, 0x0000000089000000| Untracked 
| 145|0x0000000089100000, 0x0000000089200000, 0x0000000089200000|100%| O|  |TAMS 0x0000000089100000, 0x0000000089100000| Untracked 
| 146|0x0000000089200000, 0x0000000089200000, 0x0000000089300000|  0%| F|  |TAMS 0x0000000089200000, 0x0000000089200000| Untracked 
| 147|0x0000000089300000, 0x0000000089300000, 0x0000000089400000|  0%| F|  |TAMS 0x0000000089300000, 0x0000000089300000| Untracked 
| 148|0x0000000089400000, 0x0000000089400000, 0x0000000089500000|  0%| F|  |TAMS 0x0000000089400000, 0x0000000089400000| Untracked 
| 149|0x0000000089500000, 0x0000000089500000, 0x0000000089600000|  0%| F|  |TAMS 0x0000000089500000, 0x0000000089500000| Untracked 
| 150|0x0000000089600000, 0x0000000089600000, 0x0000000089700000|  0%| F|  |TAMS 0x0000000089600000, 0x0000000089600000| Untracked 
| 151|0x0000000089700000, 0x0000000089700000, 0x0000000089800000|  0%| F|  |TAMS 0x0000000089700000, 0x0000000089700000| Untracked 
| 152|0x0000000089800000, 0x0000000089800000, 0x0000000089900000|  0%| F|  |TAMS 0x0000000089800000, 0x0000000089800000| Untracked 
| 153|0x0000000089900000, 0x0000000089900000, 0x0000000089a00000|  0%| F|  |TAMS 0x0000000089900000, 0x0000000089900000| Untracked 
| 154|0x0000000089a00000, 0x0000000089a00000, 0x0000000089b00000|  0%| F|  |TAMS 0x0000000089a00000, 0x0000000089a00000| Untracked 
| 155|0x0000000089b00000, 0x0000000089b00000, 0x0000000089c00000|  0%| F|  |TAMS 0x0000000089b00000, 0x0000000089b00000| Untracked 
| 156|0x0000000089c00000, 0x0000000089d00000, 0x0000000089d00000|100%| O|  |TAMS 0x0000000089cd1c00, 0x0000000089c00000| Untracked 
| 157|0x0000000089d00000, 0x0000000089d00000, 0x0000000089e00000|  0%| F|  |TAMS 0x0000000089d00000, 0x0000000089d00000| Untracked 
| 158|0x0000000089e00000, 0x0000000089e00000, 0x0000000089f00000|  0%| F|  |TAMS 0x0000000089e00000, 0x0000000089e00000| Untracked 
| 159|0x0000000089f00000, 0x0000000089f00000, 0x000000008a000000|  0%| F|  |TAMS 0x0000000089f00000, 0x0000000089f00000| Untracked 
| 160|0x000000008a000000, 0x000000008a000000, 0x000000008a100000|  0%| F|  |TAMS 0x000000008a000000, 0x000000008a000000| Untracked 
| 161|0x000000008a100000, 0x000000008a100000, 0x000000008a200000|  0%| F|  |TAMS 0x000000008a100000, 0x000000008a100000| Untracked 
| 162|0x000000008a200000, 0x000000008a200000, 0x000000008a300000|  0%| F|  |TAMS 0x000000008a200000, 0x000000008a200000| Untracked 
| 163|0x000000008a300000, 0x000000008a300000, 0x000000008a400000|  0%| F|  |TAMS 0x000000008a300000, 0x000000008a300000| Untracked 
| 164|0x000000008a400000, 0x000000008a400000, 0x000000008a500000|  0%| F|  |TAMS 0x000000008a400000, 0x000000008a400000| Untracked 
| 165|0x000000008a500000, 0x000000008a500000, 0x000000008a600000|  0%| F|  |TAMS 0x000000008a500000, 0x000000008a500000| Untracked 
| 166|0x000000008a600000, 0x000000008a600000, 0x000000008a700000|  0%| F|  |TAMS 0x000000008a600000, 0x000000008a600000| Untracked 
| 167|0x000000008a700000, 0x000000008a700000, 0x000000008a800000|  0%| F|  |TAMS 0x000000008a700000, 0x000000008a700000| Untracked 
| 168|0x000000008a800000, 0x000000008a800000, 0x000000008a900000|  0%| F|  |TAMS 0x000000008a800000, 0x000000008a800000| Untracked 
| 169|0x000000008a900000, 0x000000008a900000, 0x000000008aa00000|  0%| F|  |TAMS 0x000000008a900000, 0x000000008a900000| Untracked 
| 170|0x000000008aa00000, 0x000000008aa00000, 0x000000008ab00000|  0%| F|  |TAMS 0x000000008aa00000, 0x000000008aa00000| Untracked 
| 171|0x000000008ab00000, 0x000000008ab00000, 0x000000008ac00000|  0%| F|  |TAMS 0x000000008ab00000, 0x000000008ab00000| Untracked 
| 172|0x000000008ac00000, 0x000000008ac00000, 0x000000008ad00000|  0%| F|  |TAMS 0x000000008ac00000, 0x000000008ac00000| Untracked 
| 173|0x000000008ad00000, 0x000000008ad00000, 0x000000008ae00000|  0%| F|  |TAMS 0x000000008ad00000, 0x000000008ad00000| Untracked 
| 174|0x000000008ae00000, 0x000000008ae00000, 0x000000008af00000|  0%| F|  |TAMS 0x000000008ae00000, 0x000000008ae00000| Untracked 
| 175|0x000000008af00000, 0x000000008af00000, 0x000000008b000000|  0%| F|  |TAMS 0x000000008af00000, 0x000000008af00000| Untracked 
| 176|0x000000008b000000, 0x000000008b000000, 0x000000008b100000|  0%| F|  |TAMS 0x000000008b000000, 0x000000008b000000| Untracked 
| 177|0x000000008b100000, 0x000000008b100000, 0x000000008b200000|  0%| F|  |TAMS 0x000000008b100000, 0x000000008b100000| Untracked 
| 178|0x000000008b200000, 0x000000008b200000, 0x000000008b300000|  0%| F|  |TAMS 0x000000008b200000, 0x000000008b200000| Untracked 
| 179|0x000000008b300000, 0x000000008b300000, 0x000000008b400000|  0%| F|  |TAMS 0x000000008b300000, 0x000000008b300000| Untracked 
| 180|0x000000008b400000, 0x000000008b400000, 0x000000008b500000|  0%| F|  |TAMS 0x000000008b400000, 0x000000008b400000| Untracked 
| 181|0x000000008b500000, 0x000000008b500000, 0x000000008b600000|  0%| F|  |TAMS 0x000000008b500000, 0x000000008b500000| Untracked 
| 182|0x000000008b600000, 0x000000008b600000, 0x000000008b700000|  0%| F|  |TAMS 0x000000008b600000, 0x000000008b600000| Untracked 
| 183|0x000000008b700000, 0x000000008b700000, 0x000000008b800000|  0%| F|  |TAMS 0x000000008b700000, 0x000000008b700000| Untracked 
| 184|0x000000008b800000, 0x000000008b8fda70, 0x000000008b900000| 99%| S|CS|TAMS 0x000000008b800000, 0x000000008b800000| Complete 
| 185|0x000000008b900000, 0x000000008ba00000, 0x000000008ba00000|100%| S|CS|TAMS 0x000000008b900000, 0x000000008b900000| Complete 
| 186|0x000000008ba00000, 0x000000008bb00000, 0x000000008bb00000|100%| S|CS|TAMS 0x000000008ba00000, 0x000000008ba00000| Complete 
| 187|0x000000008bb00000, 0x000000008bc00000, 0x000000008bc00000|100%| S|CS|TAMS 0x000000008bb00000, 0x000000008bb00000| Complete 
| 188|0x000000008bc00000, 0x000000008bc00000, 0x000000008bd00000|  0%| F|  |TAMS 0x000000008bc00000, 0x000000008bc00000| Untracked 
| 189|0x000000008bd00000, 0x000000008bd00000, 0x000000008be00000|  0%| F|  |TAMS 0x000000008bd00000, 0x000000008bd00000| Untracked 
| 190|0x000000008be00000, 0x000000008be00000, 0x000000008bf00000|  0%| F|  |TAMS 0x000000008be00000, 0x000000008be00000| Untracked 
| 191|0x000000008bf00000, 0x000000008bf00000, 0x000000008c000000|  0%| F|  |TAMS 0x000000008bf00000, 0x000000008bf00000| Untracked 
| 192|0x000000008c000000, 0x000000008c000000, 0x000000008c100000|  0%| F|  |TAMS 0x000000008c000000, 0x000000008c000000| Untracked 
| 193|0x000000008c100000, 0x000000008c100000, 0x000000008c200000|  0%| F|  |TAMS 0x000000008c100000, 0x000000008c100000| Untracked 
| 194|0x000000008c200000, 0x000000008c200000, 0x000000008c300000|  0%| F|  |TAMS 0x000000008c200000, 0x000000008c200000| Untracked 
| 195|0x000000008c300000, 0x000000008c300000, 0x000000008c400000|  0%| F|  |TAMS 0x000000008c300000, 0x000000008c300000| Untracked 
| 196|0x000000008c400000, 0x000000008c400000, 0x000000008c500000|  0%| F|  |TAMS 0x000000008c400000, 0x000000008c400000| Untracked 
| 197|0x000000008c500000, 0x000000008c500000, 0x000000008c600000|  0%| F|  |TAMS 0x000000008c500000, 0x000000008c500000| Untracked 
| 198|0x000000008c600000, 0x000000008c600000, 0x000000008c700000|  0%| F|  |TAMS 0x000000008c600000, 0x000000008c600000| Untracked 
| 199|0x000000008c700000, 0x000000008c700000, 0x000000008c800000|  0%| F|  |TAMS 0x000000008c700000, 0x000000008c700000| Untracked 
| 200|0x000000008c800000, 0x000000008c800000, 0x000000008c900000|  0%| F|  |TAMS 0x000000008c800000, 0x000000008c800000| Untracked 
| 201|0x000000008c900000, 0x000000008c900000, 0x000000008ca00000|  0%| F|  |TAMS 0x000000008c900000, 0x000000008c900000| Untracked 
| 202|0x000000008ca00000, 0x000000008ca00000, 0x000000008cb00000|  0%| F|  |TAMS 0x000000008ca00000, 0x000000008ca00000| Untracked 
| 203|0x000000008cb00000, 0x000000008cb00000, 0x000000008cc00000|  0%| F|  |TAMS 0x000000008cb00000, 0x000000008cb00000| Untracked 
| 204|0x000000008cc00000, 0x000000008cc00000, 0x000000008cd00000|  0%| F|  |TAMS 0x000000008cc00000, 0x000000008cc00000| Untracked 
| 205|0x000000008cd00000, 0x000000008cd00000, 0x000000008ce00000|  0%| F|  |TAMS 0x000000008cd00000, 0x000000008cd00000| Untracked 
| 206|0x000000008ce00000, 0x000000008ce00000, 0x000000008cf00000|  0%| F|  |TAMS 0x000000008ce00000, 0x000000008ce00000| Untracked 
| 207|0x000000008cf00000, 0x000000008cf00000, 0x000000008d000000|  0%| F|  |TAMS 0x000000008cf00000, 0x000000008cf00000| Untracked 
| 208|0x000000008d000000, 0x000000008d000000, 0x000000008d100000|  0%| F|  |TAMS 0x000000008d000000, 0x000000008d000000| Untracked 
| 209|0x000000008d100000, 0x000000008d100000, 0x000000008d200000|  0%| F|  |TAMS 0x000000008d100000, 0x000000008d100000| Untracked 
| 210|0x000000008d200000, 0x000000008d200000, 0x000000008d300000|  0%| F|  |TAMS 0x000000008d200000, 0x000000008d200000| Untracked 
| 211|0x000000008d300000, 0x000000008d300000, 0x000000008d400000|  0%| F|  |TAMS 0x000000008d300000, 0x000000008d300000| Untracked 
| 212|0x000000008d400000, 0x000000008d400000, 0x000000008d500000|  0%| F|  |TAMS 0x000000008d400000, 0x000000008d400000| Untracked 
| 213|0x000000008d500000, 0x000000008d500000, 0x000000008d600000|  0%| F|  |TAMS 0x000000008d500000, 0x000000008d500000| Untracked 
| 214|0x000000008d600000, 0x000000008d600000, 0x000000008d700000|  0%| F|  |TAMS 0x000000008d600000, 0x000000008d600000| Untracked 
| 215|0x000000008d700000, 0x000000008d700000, 0x000000008d800000|  0%| F|  |TAMS 0x000000008d700000, 0x000000008d700000| Untracked 
| 216|0x000000008d800000, 0x000000008d800000, 0x000000008d900000|  0%| F|  |TAMS 0x000000008d800000, 0x000000008d800000| Untracked 
| 217|0x000000008d900000, 0x000000008d900000, 0x000000008da00000|  0%| F|  |TAMS 0x000000008d900000, 0x000000008d900000| Untracked 
| 218|0x000000008da00000, 0x000000008da00000, 0x000000008db00000|  0%| F|  |TAMS 0x000000008da00000, 0x000000008da00000| Untracked 
| 219|0x000000008db00000, 0x000000008db00000, 0x000000008dc00000|  0%| F|  |TAMS 0x000000008db00000, 0x000000008db00000| Untracked 
| 220|0x000000008dc00000, 0x000000008dc00000, 0x000000008dd00000|  0%| F|  |TAMS 0x000000008dc00000, 0x000000008dc00000| Untracked 
| 221|0x000000008dd00000, 0x000000008dd00000, 0x000000008de00000|  0%| F|  |TAMS 0x000000008dd00000, 0x000000008dd00000| Untracked 
| 222|0x000000008de00000, 0x000000008de00000, 0x000000008df00000|  0%| F|  |TAMS 0x000000008de00000, 0x000000008de00000| Untracked 
| 223|0x000000008df00000, 0x000000008df00000, 0x000000008e000000|  0%| F|  |TAMS 0x000000008df00000, 0x000000008df00000| Untracked 
| 224|0x000000008e000000, 0x000000008e000000, 0x000000008e100000|  0%| F|  |TAMS 0x000000008e000000, 0x000000008e000000| Untracked 
| 225|0x000000008e100000, 0x000000008e100000, 0x000000008e200000|  0%| F|  |TAMS 0x000000008e100000, 0x000000008e100000| Untracked 
| 226|0x000000008e200000, 0x000000008e200000, 0x000000008e300000|  0%| F|  |TAMS 0x000000008e200000, 0x000000008e200000| Untracked 
| 227|0x000000008e300000, 0x000000008e300000, 0x000000008e400000|  0%| F|  |TAMS 0x000000008e300000, 0x000000008e300000| Untracked 
| 228|0x000000008e400000, 0x000000008e400000, 0x000000008e500000|  0%| F|  |TAMS 0x000000008e400000, 0x000000008e400000| Untracked 
| 229|0x000000008e500000, 0x000000008e500000, 0x000000008e600000|  0%| F|  |TAMS 0x000000008e500000, 0x000000008e500000| Untracked 
| 230|0x000000008e600000, 0x000000008e600000, 0x000000008e700000|  0%| F|  |TAMS 0x000000008e600000, 0x000000008e600000| Untracked 
| 231|0x000000008e700000, 0x000000008e700000, 0x000000008e800000|  0%| F|  |TAMS 0x000000008e700000, 0x000000008e700000| Untracked 
| 232|0x000000008e800000, 0x000000008e800000, 0x000000008e900000|  0%| F|  |TAMS 0x000000008e800000, 0x000000008e800000| Untracked 
| 233|0x000000008e900000, 0x000000008e900000, 0x000000008ea00000|  0%| F|  |TAMS 0x000000008e900000, 0x000000008e900000| Untracked 
| 234|0x000000008ea00000, 0x000000008ea00000, 0x000000008eb00000|  0%| F|  |TAMS 0x000000008ea00000, 0x000000008ea00000| Untracked 
| 235|0x000000008eb00000, 0x000000008eb00000, 0x000000008ec00000|  0%| F|  |TAMS 0x000000008eb00000, 0x000000008eb00000| Untracked 
| 236|0x000000008ec00000, 0x000000008ec00000, 0x000000008ed00000|  0%| F|  |TAMS 0x000000008ec00000, 0x000000008ec00000| Untracked 
| 237|0x000000008ed00000, 0x000000008ed00000, 0x000000008ee00000|  0%| F|  |TAMS 0x000000008ed00000, 0x000000008ed00000| Untracked 
| 238|0x000000008ee00000, 0x000000008ee00000, 0x000000008ef00000|  0%| F|  |TAMS 0x000000008ee00000, 0x000000008ee00000| Untracked 
| 239|0x000000008ef00000, 0x000000008ef00000, 0x000000008f000000|  0%| F|  |TAMS 0x000000008ef00000, 0x000000008ef00000| Untracked 
| 240|0x000000008f000000, 0x000000008f000000, 0x000000008f100000|  0%| F|  |TAMS 0x000000008f000000, 0x000000008f000000| Untracked 
| 241|0x000000008f100000, 0x000000008f100000, 0x000000008f200000|  0%| F|  |TAMS 0x000000008f100000, 0x000000008f100000| Untracked 
| 242|0x000000008f200000, 0x000000008f200000, 0x000000008f300000|  0%| F|  |TAMS 0x000000008f200000, 0x000000008f200000| Untracked 
| 243|0x000000008f300000, 0x000000008f300000, 0x000000008f400000|  0%| F|  |TAMS 0x000000008f300000, 0x000000008f300000| Untracked 
| 244|0x000000008f400000, 0x000000008f400000, 0x000000008f500000|  0%| F|  |TAMS 0x000000008f400000, 0x000000008f400000| Untracked 
| 245|0x000000008f500000, 0x000000008f500000, 0x000000008f600000|  0%| F|  |TAMS 0x000000008f500000, 0x000000008f500000| Untracked 
| 246|0x000000008f600000, 0x000000008f600000, 0x000000008f700000|  0%| F|  |TAMS 0x000000008f600000, 0x000000008f600000| Untracked 
| 247|0x000000008f700000, 0x000000008f700000, 0x000000008f800000|  0%| F|  |TAMS 0x000000008f700000, 0x000000008f700000| Untracked 
| 248|0x000000008f800000, 0x000000008f800000, 0x000000008f900000|  0%| F|  |TAMS 0x000000008f800000, 0x000000008f800000| Untracked 
| 249|0x000000008f900000, 0x000000008f900000, 0x000000008fa00000|  0%| F|  |TAMS 0x000000008f900000, 0x000000008f900000| Untracked 
| 250|0x000000008fa00000, 0x000000008fb00000, 0x000000008fb00000|100%| E|  |TAMS 0x000000008fa00000, 0x000000008fa00000| Complete 
| 251|0x000000008fb00000, 0x000000008fc00000, 0x000000008fc00000|100%| E|CS|TAMS 0x000000008fb00000, 0x000000008fb00000| Complete 
| 252|0x000000008fc00000, 0x000000008fd00000, 0x000000008fd00000|100%| E|CS|TAMS 0x000000008fc00000, 0x000000008fc00000| Complete 
| 253|0x000000008fd00000, 0x000000008fe00000, 0x000000008fe00000|100%| E|CS|TAMS 0x000000008fd00000, 0x000000008fd00000| Complete 
| 254|0x000000008fe00000, 0x000000008ff00000, 0x000000008ff00000|100%| E|CS|TAMS 0x000000008fe00000, 0x000000008fe00000| Complete 
| 255|0x000000008ff00000, 0x0000000090000000, 0x0000000090000000|100%| E|CS|TAMS 0x000000008ff00000, 0x000000008ff00000| Complete 
| 256|0x0000000090000000, 0x0000000090100000, 0x0000000090100000|100%| E|CS|TAMS 0x0000000090000000, 0x0000000090000000| Complete 
| 257|0x0000000090100000, 0x0000000090200000, 0x0000000090200000|100%| E|CS|TAMS 0x0000000090100000, 0x0000000090100000| Complete 
| 258|0x0000000090200000, 0x0000000090300000, 0x0000000090300000|100%| E|CS|TAMS 0x0000000090200000, 0x0000000090200000| Complete 
| 259|0x0000000090300000, 0x0000000090400000, 0x0000000090400000|100%| E|CS|TAMS 0x0000000090300000, 0x0000000090300000| Complete 
| 260|0x0000000090400000, 0x0000000090500000, 0x0000000090500000|100%| E|CS|TAMS 0x0000000090400000, 0x0000000090400000| Complete 
| 261|0x0000000090500000, 0x0000000090600000, 0x0000000090600000|100%| E|CS|TAMS 0x0000000090500000, 0x0000000090500000| Complete 
| 262|0x0000000090600000, 0x0000000090700000, 0x0000000090700000|100%| E|CS|TAMS 0x0000000090600000, 0x0000000090600000| Complete 
| 263|0x0000000090700000, 0x0000000090800000, 0x0000000090800000|100%| E|CS|TAMS 0x0000000090700000, 0x0000000090700000| Complete 
| 264|0x0000000090800000, 0x0000000090900000, 0x0000000090900000|100%| E|CS|TAMS 0x0000000090800000, 0x0000000090800000| Complete 
| 265|0x0000000090900000, 0x0000000090a00000, 0x0000000090a00000|100%| E|CS|TAMS 0x0000000090900000, 0x0000000090900000| Complete 
| 266|0x0000000090a00000, 0x0000000090b00000, 0x0000000090b00000|100%| E|CS|TAMS 0x0000000090a00000, 0x0000000090a00000| Complete 
| 267|0x0000000090b00000, 0x0000000090c00000, 0x0000000090c00000|100%| E|CS|TAMS 0x0000000090b00000, 0x0000000090b00000| Complete 
| 268|0x0000000090c00000, 0x0000000090d00000, 0x0000000090d00000|100%| E|  |TAMS 0x0000000090c00000, 0x0000000090c00000| Complete 
| 269|0x0000000090d00000, 0x0000000090e00000, 0x0000000090e00000|100%| E|CS|TAMS 0x0000000090d00000, 0x0000000090d00000| Complete 
| 270|0x0000000090e00000, 0x0000000090f00000, 0x0000000090f00000|100%| E|CS|TAMS 0x0000000090e00000, 0x0000000090e00000| Complete 
| 271|0x0000000090f00000, 0x0000000091000000, 0x0000000091000000|100%| E|CS|TAMS 0x0000000090f00000, 0x0000000090f00000| Complete 
| 272|0x0000000091000000, 0x0000000091100000, 0x0000000091100000|100%| E|CS|TAMS 0x0000000091000000, 0x0000000091000000| Complete 
| 273|0x0000000091100000, 0x0000000091200000, 0x0000000091200000|100%| E|CS|TAMS 0x0000000091100000, 0x0000000091100000| Complete 
| 274|0x0000000091200000, 0x0000000091300000, 0x0000000091300000|100%| E|CS|TAMS 0x0000000091200000, 0x0000000091200000| Complete 
| 275|0x0000000091300000, 0x0000000091400000, 0x0000000091400000|100%| E|CS|TAMS 0x0000000091300000, 0x0000000091300000| Complete 
| 276|0x0000000091400000, 0x0000000091500000, 0x0000000091500000|100%| E|CS|TAMS 0x0000000091400000, 0x0000000091400000| Complete 
| 277|0x0000000091500000, 0x0000000091600000, 0x0000000091600000|100%| E|CS|TAMS 0x0000000091500000, 0x0000000091500000| Complete 
| 278|0x0000000091600000, 0x0000000091700000, 0x0000000091700000|100%| E|CS|TAMS 0x0000000091600000, 0x0000000091600000| Complete 
| 279|0x0000000091700000, 0x0000000091800000, 0x0000000091800000|100%| E|CS|TAMS 0x0000000091700000, 0x0000000091700000| Complete 
| 280|0x0000000091800000, 0x0000000091900000, 0x0000000091900000|100%| E|CS|TAMS 0x0000000091800000, 0x0000000091800000| Complete 
| 281|0x0000000091900000, 0x0000000091a00000, 0x0000000091a00000|100%| E|CS|TAMS 0x0000000091900000, 0x0000000091900000| Complete 
| 282|0x0000000091a00000, 0x0000000091b00000, 0x0000000091b00000|100%| E|CS|TAMS 0x0000000091a00000, 0x0000000091a00000| Complete 
| 283|0x0000000091b00000, 0x0000000091c00000, 0x0000000091c00000|100%| E|CS|TAMS 0x0000000091b00000, 0x0000000091b00000| Complete 
| 284|0x0000000091c00000, 0x0000000091d00000, 0x0000000091d00000|100%| E|CS|TAMS 0x0000000091c00000, 0x0000000091c00000| Complete 
| 285|0x0000000091d00000, 0x0000000091e00000, 0x0000000091e00000|100%| E|CS|TAMS 0x0000000091d00000, 0x0000000091d00000| Complete 
| 286|0x0000000091e00000, 0x0000000091f00000, 0x0000000091f00000|100%| E|CS|TAMS 0x0000000091e00000, 0x0000000091e00000| Complete 
| 287|0x0000000091f00000, 0x0000000092000000, 0x0000000092000000|100%| E|CS|TAMS 0x0000000091f00000, 0x0000000091f00000| Complete 
| 288|0x0000000092000000, 0x0000000092100000, 0x0000000092100000|100%| E|CS|TAMS 0x0000000092000000, 0x0000000092000000| Complete 
| 289|0x0000000092100000, 0x0000000092200000, 0x0000000092200000|100%| E|CS|TAMS 0x0000000092100000, 0x0000000092100000| Complete 
| 290|0x0000000092200000, 0x0000000092300000, 0x0000000092300000|100%| E|CS|TAMS 0x0000000092200000, 0x0000000092200000| Complete 
| 291|0x0000000092300000, 0x0000000092400000, 0x0000000092400000|100%| E|CS|TAMS 0x0000000092300000, 0x0000000092300000| Complete 
| 292|0x0000000092400000, 0x0000000092500000, 0x0000000092500000|100%| E|CS|TAMS 0x0000000092400000, 0x0000000092400000| Complete 
| 293|0x0000000092500000, 0x0000000092600000, 0x0000000092600000|100%| E|CS|TAMS 0x0000000092500000, 0x0000000092500000| Complete 
| 294|0x0000000092600000, 0x0000000092700000, 0x0000000092700000|100%| E|CS|TAMS 0x0000000092600000, 0x0000000092600000| Complete 
| 295|0x0000000092700000, 0x0000000092800000, 0x0000000092800000|100%| E|CS|TAMS 0x0000000092700000, 0x0000000092700000| Complete 
| 296|0x0000000092800000, 0x0000000092900000, 0x0000000092900000|100%| E|CS|TAMS 0x0000000092800000, 0x0000000092800000| Complete 
| 297|0x0000000092900000, 0x0000000092a00000, 0x0000000092a00000|100%| E|CS|TAMS 0x0000000092900000, 0x0000000092900000| Complete 
| 298|0x0000000092a00000, 0x0000000092b00000, 0x0000000092b00000|100%| E|CS|TAMS 0x0000000092a00000, 0x0000000092a00000| Complete 
| 299|0x0000000092b00000, 0x0000000092c00000, 0x0000000092c00000|100%| E|CS|TAMS 0x0000000092b00000, 0x0000000092b00000| Complete 
| 300|0x0000000092c00000, 0x0000000092d00000, 0x0000000092d00000|100%| E|CS|TAMS 0x0000000092c00000, 0x0000000092c00000| Complete 
| 301|0x0000000092d00000, 0x0000000092e00000, 0x0000000092e00000|100%| E|CS|TAMS 0x0000000092d00000, 0x0000000092d00000| Complete 
| 302|0x0000000092e00000, 0x0000000092f00000, 0x0000000092f00000|100%| E|CS|TAMS 0x0000000092e00000, 0x0000000092e00000| Complete 
| 303|0x0000000092f00000, 0x0000000093000000, 0x0000000093000000|100%| E|CS|TAMS 0x0000000092f00000, 0x0000000092f00000| Complete 
| 304|0x0000000093000000, 0x0000000093100000, 0x0000000093100000|100%| E|CS|TAMS 0x0000000093000000, 0x0000000093000000| Complete 
| 305|0x0000000093100000, 0x0000000093200000, 0x0000000093200000|100%| E|CS|TAMS 0x0000000093100000, 0x0000000093100000| Complete 

Card table byte_map: [0x0000015c21b90000,0x0000015c21f90000] _byte_map_base: 0x0000015c21790000

Marking Bits (Prev, Next): (CMBitMap*) 0x0000015c0e98d1d0, (CMBitMap*) 0x0000015c0e98d198
 Prev Bits: [0x0000015c24390000, 0x0000015c26390000)
 Next Bits: [0x0000015c22390000, 0x0000015c24390000)

Polling page: 0x0000015c0c900000

Metaspace:

Usage:
  Non-class:    113.63 MB capacity,   111.34 MB ( 98%) used,     1.85 MB (  2%) free+waste,   444.63 KB ( <1%) overhead. 
      Class:     17.34 MB capacity,    16.04 MB ( 93%) used,     1.11 MB (  6%) free+waste,   194.81 KB (  1%) overhead. 
       Both:    130.96 MB capacity,   127.38 MB ( 97%) used,     2.96 MB (  2%) free+waste,   639.44 KB ( <1%) overhead. 

Virtual space:
  Non-class space:      114.00 MB reserved,     113.84 MB (>99%) committed 
      Class space:        1.00 GB reserved,      17.45 MB (  2%) committed 
             Both:        1.11 GB reserved,     131.29 MB ( 12%) committed 

Chunk freelists:
   Non-Class:  27.00 KB
       Class:  5.00 KB
        Both:  32.00 KB

MaxMetaspaceSize: 17179869184.00 GB
CompressedClassSpaceSize: 1.00 GB
Initial GC threshold: 20.80 MB
Current GC threshold: 173.40 MB
CDS: off

CodeHeap 'non-profiled nmethods': size=120000Kb used=14080Kb max_used=14080Kb free=105919Kb
 bounds [0x0000015c19f30000, 0x0000015c1ad00000, 0x0000015c21460000]
CodeHeap 'profiled nmethods': size=120000Kb used=44237Kb max_used=44237Kb free=75762Kb
 bounds [0x0000015c12a00000, 0x0000015c15540000, 0x0000015c19f30000]
CodeHeap 'non-nmethods': size=5760Kb used=2466Kb max_used=2523Kb free=3293Kb
 bounds [0x0000015c12460000, 0x0000015c126f0000, 0x0000015c12a00000]
 total_blobs=21971 nmethods=20982 adapters=900
 compilation: enabled
              stopped_count=0, restarted_count=0
 full_count=0

Compilation events (20 events):
Event: 9777.528 Thread 0x0000015c2976d800 nmethod 22160 0x0000015c1acee410 code [0x0000015c1acee5c0, 0x0000015c1acee878]
Event: 9777.541 Thread 0x0000015c2976d800 22161       4       java.util.Arrays::equals (43 bytes)
Event: 9777.544 Thread 0x0000015c2976d800 nmethod 22161 0x0000015c1aceea10 code [0x0000015c1aceeba0, 0x0000015c1aceed58]
Event: 9777.564 Thread 0x0000015c29773000 22162       3       java.math.BigInteger::equals (91 bytes)
Event: 9777.565 Thread 0x0000015c29773000 nmethod 22162 0x0000015c1551ab90 code [0x0000015c1551ad80, 0x0000015c1551b2d8]
Event: 9777.566 Thread 0x0000015c29773000 22163       3       sun.security.util.AlgorithmDecomposer::hasLoop (37 bytes)
Event: 9777.566 Thread 0x0000015c29773000 nmethod 22163 0x0000015c1551b490 code [0x0000015c1551b680, 0x0000015c1551bad8]
Event: 9777.608 Thread 0x0000015c29773000 22165       3       java.lang.String::<init> (55 bytes)
Event: 9777.609 Thread 0x0000015c29773000 nmethod 22165 0x0000015c1551bc10 code [0x0000015c1551be00, 0x0000015c1551c168]
Event: 9777.609 Thread 0x0000015c29773000 22164   !   3       sun.security.util.DerValue::getDataBytes (41 bytes)
Event: 9777.609 Thread 0x0000015c29773000 nmethod 22164 0x0000015c1551c310 code [0x0000015c1551c520, 0x0000015c1551ced8]
Event: 9777.614 Thread 0x0000015c2976d800 22166       4       java.math.BigInteger::montgomerySquare (49 bytes)
Event: 9777.617 Thread 0x0000015c2976d800 nmethod 22166 0x0000015c1aceee90 code [0x0000015c1acef040, 0x0000015c1acef358]
Event: 9777.617 Thread 0x0000015c2976d800 22167       4       java.math.BigInteger::squareToLen (33 bytes)
Event: 9777.619 Thread 0x0000015c2976d800 nmethod 22167 0x0000015c1acef610 code [0x0000015c1acef7c0, 0x0000015c1acefa38]
Event: 9777.619 Thread 0x0000015c2976d800 22168       4       java.math.BigInteger::implSquareToLenChecks (198 bytes)
Event: 9777.620 Thread 0x0000015c2976d800 nmethod 22168 0x0000015c1acefc10 code [0x0000015c1acefda0, 0x0000015c1acefe78]
Event: 9777.621 Thread 0x0000015c29773000 22169       1       sun.security.util.JarConstraintsParameters::getKeys (5 bytes)
Event: 9777.621 Thread 0x0000015c29773000 nmethod 22169 0x0000015c1aceff90 code [0x0000015c1acf0140, 0x0000015c1acf01f8]
Event: 9777.644 Thread 0x0000015c2976d800 22170       4       org.gradle.api.internal.provider.DefaultValueSourceProviderFactory$ValueSourceProvider::calculateOwnValue (14 bytes)

GC Heap History (20 events):
Event: 5063.949 GC heap before
{Heap before GC invocations=65 (full 0):
 garbage-first heap   total 187392K, used 167790K [0x0000000080000000, 0x0000000100000000)
  region size 1024K, 9 young (9216K), 2 survivors (2048K)
 Metaspace       used 103566K, capacity 106370K, committed 106920K, reserved 1142784K
  class space    used 12918K, capacity 13931K, committed 14156K, reserved 1048576K
}
Event: 5063.955 GC heap after
{Heap after GC invocations=66 (full 0):
 garbage-first heap   total 237568K, used 160962K [0x0000000080000000, 0x0000000100000000)
  region size 1024K, 2 young (2048K), 2 survivors (2048K)
 Metaspace       used 103566K, capacity 106370K, committed 106920K, reserved 1142784K
  class space    used 12918K, capacity 13931K, committed 14156K, reserved 1048576K
}
Event: 5064.171 GC heap before
{Heap before GC invocations=67 (full 0):
 garbage-first heap   total 237568K, used 183490K [0x0000000080000000, 0x0000000100000000)
  region size 1024K, 25 young (25600K), 2 survivors (2048K)
 Metaspace       used 106066K, capacity 108929K, committed 109224K, reserved 1144832K
  class space    used 13259K, capacity 14297K, committed 14412K, reserved 1048576K
}
Event: 5064.174 GC heap after
{Heap after GC invocations=68 (full 0):
 garbage-first heap   total 237568K, used 161437K [0x0000000080000000, 0x0000000100000000)
  region size 1024K, 2 young (2048K), 2 survivors (2048K)
 Metaspace       used 106066K, capacity 108929K, committed 109224K, reserved 1144832K
  class space    used 13259K, capacity 14297K, committed 14412K, reserved 1048576K
}
Event: 5064.318 GC heap before
{Heap before GC invocations=68 (full 0):
 garbage-first heap   total 237568K, used 170653K [0x0000000080000000, 0x0000000100000000)
  region size 1024K, 11 young (11264K), 2 survivors (2048K)
 Metaspace       used 108429K, capacity 111357K, committed 111656K, reserved 1146880K
  class space    used 13588K, capacity 14659K, committed 14796K, reserved 1048576K
}
Event: 5064.321 GC heap after
{Heap after GC invocations=69 (full 0):
 garbage-first heap   total 237568K, used 137490K [0x0000000080000000, 0x0000000100000000)
  region size 1024K, 2 young (2048K), 2 survivors (2048K)
 Metaspace       used 108429K, capacity 111357K, committed 111656K, reserved 1146880K
  class space    used 13588K, capacity 14659K, committed 14796K, reserved 1048576K
}
Event: 5064.470 GC heap before
{Heap before GC invocations=69 (full 0):
 garbage-first heap   total 237568K, used 145682K [0x0000000080000000, 0x0000000100000000)
  region size 1024K, 11 young (11264K), 2 survivors (2048K)
 Metaspace       used 110994K, capacity 114058K, committed 114344K, reserved 1148928K
  class space    used 13987K, capacity 15109K, committed 15180K, reserved 1048576K
}
Event: 5064.477 GC heap after
{Heap after GC invocations=70 (full 0):
 garbage-first heap   total 237568K, used 114381K [0x0000000080000000, 0x0000000100000000)
  region size 1024K, 2 young (2048K), 2 survivors (2048K)
 Metaspace       used 110994K, capacity 114058K, committed 114344K, reserved 1148928K
  class space    used 13987K, capacity 15109K, committed 15180K, reserved 1048576K
}
Event: 5064.631 GC heap before
{Heap before GC invocations=70 (full 0):
 garbage-first heap   total 237568K, used 123597K [0x0000000080000000, 0x0000000100000000)
  region size 1024K, 11 young (11264K), 2 survivors (2048K)
 Metaspace       used 112669K, capacity 115810K, committed 116008K, reserved 1150976K
  class space    used 14271K, capacity 15436K, committed 15564K, reserved 1048576K
}
Event: 5064.647 GC heap after
{Heap after GC invocations=71 (full 0):
 garbage-first heap   total 313344K, used 102881K [0x0000000080000000, 0x0000000100000000)
  region size 1024K, 2 young (2048K), 2 survivors (2048K)
 Metaspace       used 112669K, capacity 115810K, committed 116008K, reserved 1150976K
  class space    used 14271K, capacity 15436K, committed 15564K, reserved 1048576K
}
Event: 5065.483 GC heap before
{Heap before GC invocations=71 (full 0):
 garbage-first heap   total 313344K, used 186849K [0x0000000080000000, 0x0000000100000000)
  region size 1024K, 84 young (86016K), 2 survivors (2048K)
 Metaspace       used 119895K, capacity 123352K, committed 123432K, reserved 1157120K
  class space    used 15271K, capacity 16547K, committed 16588K, reserved 1048576K
}
Event: 5065.490 GC heap after
{Heap after GC invocations=72 (full 0):
 garbage-first heap   total 313344K, used 104859K [0x0000000080000000, 0x0000000100000000)
  region size 1024K, 4 young (4096K), 4 survivors (4096K)
 Metaspace       used 119895K, capacity 123352K, committed 123432K, reserved 1157120K
  class space    used 15271K, capacity 16547K, committed 16588K, reserved 1048576K
}
Event: 8621.471 GC heap before
{Heap before GC invocations=72 (full 0):
 garbage-first heap   total 313344K, used 242075K [0x0000000080000000, 0x0000000100000000)
  region size 1024K, 99 young (101376K), 4 survivors (4096K)
 Metaspace       used 121561K, capacity 125089K, committed 125224K, reserved 1157120K
  class space    used 15477K, capacity 16777K, committed 16844K, reserved 1048576K
}
Event: 8621.571 GC heap after
{Heap after GC invocations=73 (full 0):
 garbage-first heap   total 313344K, used 107002K [0x0000000080000000, 0x0000000100000000)
  region size 1024K, 6 young (6144K), 6 survivors (6144K)
 Metaspace       used 121561K, capacity 125089K, committed 125224K, reserved 1157120K
  class space    used 15477K, capacity 16777K, committed 16844K, reserved 1048576K
}
Event: 9288.513 GC heap before
{Heap before GC invocations=73 (full 0):
 garbage-first heap   total 313344K, used 215546K [0x0000000080000000, 0x0000000100000000)
  region size 1024K, 110 young (112640K), 6 survivors (6144K)
 Metaspace       used 121752K, capacity 125291K, committed 125480K, reserved 1159168K
  class space    used 15478K, capacity 16778K, committed 16844K, reserved 1048576K
}
Event: 9288.527 GC heap after
{Heap after GC invocations=74 (full 0):
 garbage-first heap   total 313344K, used 118507K [0x0000000080000000, 0x0000000100000000)
  region size 1024K, 14 young (14336K), 14 survivors (14336K)
 Metaspace       used 121752K, capacity 125291K, committed 125480K, reserved 1159168K
  class space    used 15478K, capacity 16778K, committed 16844K, reserved 1048576K
}
Event: 9289.660 GC heap before
{Heap before GC invocations=74 (full 0):
 garbage-first heap   total 313344K, used 225003K [0x0000000080000000, 0x0000000100000000)
  region size 1024K, 119 young (121856K), 14 survivors (14336K)
 Metaspace       used 122147K, capacity 125657K, committed 125736K, reserved 1159168K
  class space    used 15481K, capacity 16783K, committed 16844K, reserved 1048576K
}
Event: 9289.694 GC heap after
{Heap after GC invocations=75 (full 0):
 garbage-first heap   total 313344K, used 118284K [0x0000000080000000, 0x0000000100000000)
  region size 1024K, 5 young (5120K), 5 survivors (5120K)
 Metaspace       used 122147K, capacity 125657K, committed 125736K, reserved 1159168K
  class space    used 15481K, capacity 16783K, committed 16844K, reserved 1048576K
}
Event: 9775.391 GC heap before
{Heap before GC invocations=75 (full 0):
 garbage-first heap   total 313344K, used 272908K [0x0000000080000000, 0x0000000100000000)
  region size 1024K, 118 young (120832K), 5 survivors (5120K)
 Metaspace       used 125030K, capacity 128744K, committed 128936K, reserved 1161216K
  class space    used 15798K, capacity 17142K, committed 17228K, reserved 1048576K
}
Event: 9775.490 GC heap after
{Heap after GC invocations=76 (full 0):
 garbage-first heap   total 313344K, used 118191K [0x0000000080000000, 0x0000000100000000)
  region size 1024K, 4 young (4096K), 4 survivors (4096K)
 Metaspace       used 125030K, capacity 128744K, committed 128936K, reserved 1161216K
  class space    used 15798K, capacity 17142K, committed 17228K, reserved 1048576K
}

Deoptimization events (20 events):
Event: 9776.741 Thread 0x0000015c2f29e800 DEOPT PACKING pc=0x0000015c1acda824 sp=0x00000030d72f6fe0
Event: 9776.741 Thread 0x0000015c2f29e800 DEOPT UNPACKING pc=0x0000015c124685af sp=0x00000030d72f6f80 mode 2
Event: 9776.789 Thread 0x0000015c2f29e800 Uncommon trap: trap_request=0xffffff4d fr.pc=0x0000015c1a2a4768 relative=0x0000000000000608
Event: 9776.789 Thread 0x0000015c2f29e800 Uncommon trap: reason=unstable_if action=reinterpret pc=0x0000015c1a2a4768 method=java.lang.ref.SoftReference.get()Ljava/lang/Object; @ 6 c2
Event: 9776.790 Thread 0x0000015c2f29e800 DEOPT PACKING pc=0x0000015c1a2a4768 sp=0x00000030d72f7650
Event: 9776.790 Thread 0x0000015c2f29e800 DEOPT UNPACKING pc=0x0000015c124685af sp=0x00000030d72f74d8 mode 2
Event: 9776.829 Thread 0x0000015c2f29e800 DEOPT PACKING pc=0x0000015c139d376c sp=0x00000030d72f7e80
Event: 9776.829 Thread 0x0000015c2f29e800 DEOPT UNPACKING pc=0x0000015c124a9d0e sp=0x00000030d72f7398 mode 0
Event: 9777.053 Thread 0x0000015c2f29e800 Uncommon trap: trap_request=0xffffffde fr.pc=0x0000015c1a64bbf4 relative=0x0000000000001634
Event: 9777.053 Thread 0x0000015c2f29e800 Uncommon trap: reason=class_check action=maybe_recompile pc=0x0000015c1a64bbf4 method=sun.management.spi.PlatformMBeanProvider$PlatformComponent.getMBeans(Ljava/lang/Class;)Ljava/util/List; @ 31 c2
Event: 9777.053 Thread 0x0000015c2f29e800 DEOPT PACKING pc=0x0000015c1a64bbf4 sp=0x00000030d72f76d0
Event: 9777.053 Thread 0x0000015c2f29e800 DEOPT UNPACKING pc=0x0000015c124685af sp=0x00000030d72f76a8 mode 2
Event: 9777.054 Thread 0x0000015c2f29e800 Uncommon trap: trap_request=0xffffffde fr.pc=0x0000015c1a64bbf4 relative=0x0000000000001634
Event: 9777.054 Thread 0x0000015c2f29e800 Uncommon trap: reason=class_check action=maybe_recompile pc=0x0000015c1a64bbf4 method=sun.management.spi.PlatformMBeanProvider$PlatformComponent.getMBeans(Ljava/lang/Class;)Ljava/util/List; @ 31 c2
Event: 9777.054 Thread 0x0000015c2f29e800 DEOPT PACKING pc=0x0000015c1a64bbf4 sp=0x00000030d72f76d0
Event: 9777.054 Thread 0x0000015c2f29e800 DEOPT UNPACKING pc=0x0000015c124685af sp=0x00000030d72f76a8 mode 2
Event: 9777.075 Thread 0x0000015c2f29e800 Uncommon trap: trap_request=0xffffffde fr.pc=0x0000015c1a64bbf4 relative=0x0000000000001634
Event: 9777.075 Thread 0x0000015c2f29e800 Uncommon trap: reason=class_check action=maybe_recompile pc=0x0000015c1a64bbf4 method=sun.management.spi.PlatformMBeanProvider$PlatformComponent.getMBeans(Ljava/lang/Class;)Ljava/util/List; @ 31 c2
Event: 9777.075 Thread 0x0000015c2f29e800 DEOPT PACKING pc=0x0000015c1a64bbf4 sp=0x00000030d72f76d0
Event: 9777.075 Thread 0x0000015c2f29e800 DEOPT UNPACKING pc=0x0000015c124685af sp=0x00000030d72f76a8 mode 2

Classes redefined (0 events):
No events

Internal exceptions (20 events):
Event: 9774.162 Thread 0x0000015c2f29e800 Exception <a 'java/security/PrivilegedActionException'{0x000000008cc719c0}> (0x000000008cc719c0) thrown at [./src/hotspot/share/prims/jvm.cpp, line 1306]
Event: 9774.162 Thread 0x0000015c2f29e800 Exception <a 'java/security/PrivilegedActionException'{0x000000008cc72f28}> (0x000000008cc72f28) thrown at [./src/hotspot/share/prims/jvm.cpp, line 1306]
Event: 9774.162 Thread 0x0000015c2f29e800 Exception <a 'java/security/PrivilegedActionException'{0x000000008cc75ea8}> (0x000000008cc75ea8) thrown at [./src/hotspot/share/prims/jvm.cpp, line 1306]
Event: 9774.163 Thread 0x0000015c2f29e800 Exception <a 'java/security/PrivilegedActionException'{0x000000008cc77410}> (0x000000008cc77410) thrown at [./src/hotspot/share/prims/jvm.cpp, line 1306]
Event: 9774.163 Thread 0x0000015c2f29e800 Exception <a 'java/security/PrivilegedActionException'{0x000000008cc7a540}> (0x000000008cc7a540) thrown at [./src/hotspot/share/prims/jvm.cpp, line 1306]
Event: 9774.163 Thread 0x0000015c2f29e800 Exception <a 'java/security/PrivilegedActionException'{0x000000008cc7baa8}> (0x000000008cc7baa8) thrown at [./src/hotspot/share/prims/jvm.cpp, line 1306]
Event: 9774.198 Thread 0x0000015c2f29e800 Exception <a 'java/security/PrivilegedActionException'{0x000000008cb66268}> (0x000000008cb66268) thrown at [./src/hotspot/share/prims/jvm.cpp, line 1306]
Event: 9774.198 Thread 0x0000015c2f29e800 Exception <a 'java/security/PrivilegedActionException'{0x000000008cb677d0}> (0x000000008cb677d0) thrown at [./src/hotspot/share/prims/jvm.cpp, line 1306]
Event: 9774.198 Thread 0x0000015c2f29e800 Exception <a 'java/security/PrivilegedActionException'{0x000000008cb6a980}> (0x000000008cb6a980) thrown at [./src/hotspot/share/prims/jvm.cpp, line 1306]
Event: 9774.198 Thread 0x0000015c2f29e800 Exception <a 'java/security/PrivilegedActionException'{0x000000008cb6bee8}> (0x000000008cb6bee8) thrown at [./src/hotspot/share/prims/jvm.cpp, line 1306]
Event: 9774.198 Thread 0x0000015c2f29e800 Exception <a 'java/security/PrivilegedActionException'{0x000000008cb6eea8}> (0x000000008cb6eea8) thrown at [./src/hotspot/share/prims/jvm.cpp, line 1306]
Event: 9774.198 Thread 0x0000015c2f29e800 Exception <a 'java/security/PrivilegedActionException'{0x000000008cb70410}> (0x000000008cb70410) thrown at [./src/hotspot/share/prims/jvm.cpp, line 1306]
Event: 9774.198 Thread 0x0000015c2f29e800 Exception <a 'java/security/PrivilegedActionException'{0x000000008cb73338}> (0x000000008cb73338) thrown at [./src/hotspot/share/prims/jvm.cpp, line 1306]
Event: 9774.198 Thread 0x0000015c2f29e800 Exception <a 'java/security/PrivilegedActionException'{0x000000008cb748a0}> (0x000000008cb748a0) thrown at [./src/hotspot/share/prims/jvm.cpp, line 1306]
Event: 9774.198 Thread 0x0000015c2f29e800 Exception <a 'java/security/PrivilegedActionException'{0x000000008cb77a38}> (0x000000008cb77a38) thrown at [./src/hotspot/share/prims/jvm.cpp, line 1306]
Event: 9774.198 Thread 0x0000015c2f29e800 Exception <a 'java/security/PrivilegedActionException'{0x000000008cb78fa0}> (0x000000008cb78fa0) thrown at [./src/hotspot/share/prims/jvm.cpp, line 1306]
Event: 9774.198 Thread 0x0000015c2f29e800 Exception <a 'java/security/PrivilegedActionException'{0x000000008cb7bf60}> (0x000000008cb7bf60) thrown at [./src/hotspot/share/prims/jvm.cpp, line 1306]
Event: 9774.198 Thread 0x0000015c2f29e800 Exception <a 'java/security/PrivilegedActionException'{0x000000008cb7d4c8}> (0x000000008cb7d4c8) thrown at [./src/hotspot/share/prims/jvm.cpp, line 1306]
Event: 9776.789 Thread 0x0000015c2f29e800 Implicit null exception at 0x0000015c1a2a41c9 to 0x0000015c1a2a474c
Event: 9777.650 Thread 0x0000015c2f29e800 Exception <a 'sun/nio/fs/WindowsException'{0x000000008fe84ff0}> (0x000000008fe84ff0) thrown at [./src/hotspot/share/prims/jni.cpp, line 616]

Events (20 events):
Event: 9768.009 Thread 0x0000015c2a6d2000 Thread added: 0x0000015c2a6d2000
Event: 9768.009 Thread 0x0000015c2a6dc000 Thread added: 0x0000015c2a6dc000
Event: 9768.010 Thread 0x0000015c2a6da000 Thread added: 0x0000015c2a6da000
Event: 9768.010 Thread 0x0000015c2a6dc800 Thread added: 0x0000015c2a6dc800
Event: 9775.356 Executing VM operation: RevokeBias
Event: 9775.356 Executing VM operation: RevokeBias done
Event: 9775.390 Executing VM operation: G1CollectForAllocation
Event: 9775.490 Executing VM operation: G1CollectForAllocation done
Event: 9775.494 Executing VM operation: RevokeBias
Event: 9775.497 Executing VM operation: RevokeBias done
Event: 9775.670 loading class org/gradle/api/provider/Provider
Event: 9775.670 loading class org/gradle/api/provider/Provider done
Event: 9775.681 loading class com/android/build/gradle/options/ProjectOptions$OptionValue
Event: 9775.681 loading class com/android/build/gradle/options/ProjectOptions$OptionValue done
Event: 9776.029 Executing VM operation: RevokeBias
Event: 9776.043 Executing VM operation: RevokeBias done
Event: 9776.413 Executing VM operation: Deoptimize
Event: 9776.641 Executing VM operation: Deoptimize done
Event: 9777.075 Executing VM operation: RevokeBias
Event: 9777.075 Executing VM operation: RevokeBias done


Dynamic libraries:
0x00007ff79c450000 - 0x00007ff79c45a000 	C:\Program Files\Android\Android Studio\jre\bin\java.exe
0x00007ff8d3b90000 - 0x00007ff8d3da4000 	C:\WINDOWS\SYSTEM32\ntdll.dll
0x00007ff8d1f00000 - 0x00007ff8d1fc3000 	C:\WINDOWS\System32\KERNEL32.DLL
0x00007ff8d14e0000 - 0x00007ff8d187c000 	C:\WINDOWS\System32\KERNELBASE.dll
0x00007ff8d1230000 - 0x00007ff8d1341000 	C:\WINDOWS\System32\ucrtbase.dll
0x00007ff8b7e60000 - 0x00007ff8b7e79000 	C:\Program Files\Android\Android Studio\jre\bin\jli.dll
0x00007ff8b6b50000 - 0x00007ff8b6b67000 	C:\Program Files\Android\Android Studio\jre\bin\VCRUNTIME140.dll
0x00007ff8d2110000 - 0x00007ff8d22bd000 	C:\WINDOWS\System32\USER32.dll
0x00007ff8b35b0000 - 0x00007ff8b383e000 	C:\WINDOWS\WinSxS\amd64_microsoft.windows.common-controls_6595b64144ccf1df_6.0.22621.608_none_a9444ca7c10bb01d\COMCTL32.dll
0x00007ff8d1090000 - 0x00007ff8d10b6000 	C:\WINDOWS\System32\win32u.dll
0x00007ff8d3810000 - 0x00007ff8d38b7000 	C:\WINDOWS\System32\msvcrt.dll
0x00007ff8d1c20000 - 0x00007ff8d1c49000 	C:\WINDOWS\System32\GDI32.dll
0x00007ff8d1350000 - 0x00007ff8d1462000 	C:\WINDOWS\System32\gdi32full.dll
0x00007ff8d1900000 - 0x00007ff8d199a000 	C:\WINDOWS\System32\msvcp_win.dll
0x00007ff8d1b60000 - 0x00007ff8d1b92000 	C:\WINDOWS\System32\IMM32.DLL
0x00007ff89b180000 - 0x00007ff89b21d000 	C:\Program Files\Android\Android Studio\jre\bin\msvcp140.dll
0x00007ff887db0000 - 0x00007ff8888b2000 	C:\Program Files\Android\Android Studio\jre\bin\server\jvm.dll
0x00007ff8d3640000 - 0x00007ff8d36ee000 	C:\WINDOWS\System32\ADVAPI32.dll
0x00007ff8d3aa0000 - 0x00007ff8d3b44000 	C:\WINDOWS\System32\sechost.dll
0x00007ff8d36f0000 - 0x00007ff8d3805000 	C:\WINDOWS\System32\RPCRT4.dll
0x00007ff8d20a0000 - 0x00007ff8d20a8000 	C:\WINDOWS\System32\PSAPI.DLL
0x00007ff8cded0000 - 0x00007ff8cded9000 	C:\WINDOWS\SYSTEM32\WSOCK32.dll
0x00007ff8c8ec0000 - 0x00007ff8c8ef4000 	C:\WINDOWS\SYSTEM32\WINMM.dll
0x00007ff8c3390000 - 0x00007ff8c339a000 	C:\WINDOWS\SYSTEM32\VERSION.dll
0x00007ff8d1ba0000 - 0x00007ff8d1c11000 	C:\WINDOWS\System32\WS2_32.dll
0x00007ff8cffe0000 - 0x00007ff8cfff8000 	C:\WINDOWS\SYSTEM32\kernel.appcore.dll
0x00007ff8cdea0000 - 0x00007ff8cdeb1000 	C:\Program Files\Android\Android Studio\jre\bin\verify.dll
0x00007ff8ce8a0000 - 0x00007ff8ceace000 	C:\WINDOWS\SYSTEM32\DBGHELP.DLL
0x00007ff8d31b0000 - 0x00007ff8d353a000 	C:\WINDOWS\System32\combase.dll
0x00007ff8d2bc0000 - 0x00007ff8d2c97000 	C:\WINDOWS\System32\OLEAUT32.dll
0x00007ff8c8b50000 - 0x00007ff8c8b82000 	C:\WINDOWS\SYSTEM32\dbgcore.DLL
0x00007ff8d1880000 - 0x00007ff8d18fb000 	C:\WINDOWS\System32\bcryptPrimitives.dll
0x00007ff8c8db0000 - 0x00007ff8c8dd9000 	C:\Program Files\Android\Android Studio\jre\bin\java.dll
0x00007ff8cdda0000 - 0x00007ff8cddab000 	C:\Program Files\Android\Android Studio\jre\bin\jimage.dll
0x00007ff8c8ff0000 - 0x00007ff8c9008000 	C:\Program Files\Android\Android Studio\jre\bin\zip.dll
0x00007ff8d23c0000 - 0x00007ff8d2baf000 	C:\WINDOWS\System32\SHELL32.dll
0x00007ff8cef70000 - 0x00007ff8cf838000 	C:\WINDOWS\SYSTEM32\windows.storage.dll
0x00007ff8cee30000 - 0x00007ff8cef6e000 	C:\WINDOWS\SYSTEM32\wintypes.dll
0x00007ff8d3540000 - 0x00007ff8d3631000 	C:\WINDOWS\System32\SHCORE.dll
0x00007ff8d20b0000 - 0x00007ff8d210e000 	C:\WINDOWS\System32\shlwapi.dll
0x00007ff8d0f00000 - 0x00007ff8d0f21000 	C:\WINDOWS\SYSTEM32\profapi.dll
0x00007ff8c8d90000 - 0x00007ff8c8daa000 	C:\Program Files\Android\Android Studio\jre\bin\net.dll
0x00007ff8c9c90000 - 0x00007ff8c9dbf000 	C:\WINDOWS\SYSTEM32\WINHTTP.dll
0x00007ff8d0440000 - 0x00007ff8d04a9000 	C:\WINDOWS\system32\mswsock.dll
0x00007ff8c8d70000 - 0x00007ff8c8d84000 	C:\Program Files\Android\Android Studio\jre\bin\nio.dll
0x00007ff8b8ed0000 - 0x00007ff8b8ef7000 	C:\Users\RyanSamte\.gradle\native\e1d6ef7f7dcc3fd88c89a11ec53ec762bb8ba0a96d01ffa2cd45eb1d1d8dd5c5\windows-amd64\native-platform.dll
0x00007ff8913a0000 - 0x00007ff8914e4000 	C:\Users\RyanSamte\.gradle\native\0d407fdbe67a94daf76414ababcb853783967236a71b16ec16e742cd7a986fd3\windows-amd64\native-platform-file-events.dll
0x00007ff8c8f00000 - 0x00007ff8c8f0a000 	C:\Program Files\Android\Android Studio\jre\bin\management.dll
0x00007ff8c8e90000 - 0x00007ff8c8e9d000 	C:\Program Files\Android\Android Studio\jre\bin\management_ext.dll
0x00007ff8d07c0000 - 0x00007ff8d07db000 	C:\WINDOWS\SYSTEM32\CRYPTSP.dll
0x00007ff8cff50000 - 0x00007ff8cff85000 	C:\WINDOWS\system32\rsaenh.dll
0x00007ff8d04e0000 - 0x00007ff8d0508000 	C:\WINDOWS\SYSTEM32\USERENV.dll
0x00007ff8d0970000 - 0x00007ff8d0998000 	C:\WINDOWS\SYSTEM32\bcrypt.dll
0x00007ff8d0740000 - 0x00007ff8d074c000 	C:\WINDOWS\SYSTEM32\CRYPTBASE.dll
0x00007ff8cfa90000 - 0x00007ff8cfabd000 	C:\WINDOWS\SYSTEM32\IPHLPAPI.DLL
0x00007ff8d1e70000 - 0x00007ff8d1e79000 	C:\WINDOWS\System32\NSI.dll
0x00007ff8c9930000 - 0x00007ff8c9949000 	C:\WINDOWS\SYSTEM32\dhcpcsvc6.DLL
0x00007ff8c98d0000 - 0x00007ff8c98ef000 	C:\WINDOWS\SYSTEM32\dhcpcsvc.DLL
0x00007ff8cfb00000 - 0x00007ff8cfbf3000 	C:\WINDOWS\SYSTEM32\DNSAPI.dll
0x00007ff8c8cf0000 - 0x00007ff8c8d17000 	C:\Program Files\Android\Android Studio\jre\bin\sunec.dll
0x00007ff8c1490000 - 0x00007ff8c149a000 	C:\Windows\System32\rasadhlp.dll
0x00007ff8c6f20000 - 0x00007ff8c6fa3000 	C:\WINDOWS\System32\fwpuclnt.dll

dbghelp: loaded successfully - version: 4.0.5 - missing functions: none
symbol engine: initialized successfully - sym options: 0x614 - pdb path: .;C:\Program Files\Android\Android Studio\jre\bin;C:\WINDOWS\SYSTEM32;C:\WINDOWS\WinSxS\amd64_microsoft.windows.common-controls_6595b64144ccf1df_6.0.22621.608_none_a9444ca7c10bb01d;C:\Program Files\Android\Android Studio\jre\bin\server;C:\Users\RyanSamte\.gradle\native\e1d6ef7f7dcc3fd88c89a11ec53ec762bb8ba0a96d01ffa2cd45eb1d1d8dd5c5\windows-amd64;C:\Users\RyanSamte\.gradle\native\0d407fdbe67a94daf76414ababcb853783967236a71b16ec16e742cd7a986fd3\windows-amd64

VM Arguments:
jvm_args: --add-opens=java.base/java.util=ALL-UNNAMED --add-opens=java.base/java.lang=ALL-UNNAMED --add-opens=java.base/java.lang.invoke=ALL-UNNAMED --add-opens=java.base/java.util=ALL-UNNAMED --add-opens=java.prefs/java.util.prefs=ALL-UNNAMED --add-opens=java.prefs/java.util.prefs=ALL-UNNAMED --add-opens=java.base/java.nio.charset=ALL-UNNAMED --add-opens=java.base/java.net=ALL-UNNAMED --add-opens=java.base/java.util.concurrent.atomic=ALL-UNNAMED -Xmx2048m -Dfile.encoding=UTF-8 -Duser.country=US -Duser.language=en -Duser.variant 
java_command: org.gradle.launcher.daemon.bootstrap.GradleDaemon 7.4
java_class_path (initial): C:\Users\RyanSamte\.gradle\wrapper\dists\gradle-7.4-bin\c0gwcg53nkjbqw7r0h0umtfvt\gradle-7.4\lib\gradle-launcher-7.4.jar
Launcher Type: SUN_STANDARD

[Global flags]
     intx CICompilerCount                          = 4                                         {product} {ergonomic}
     uint ConcGCThreads                            = 2                                         {product} {ergonomic}
     uint G1ConcRefinementThreads                  = 8                                         {product} {ergonomic}
   size_t G1HeapRegionSize                         = 1048576                                   {product} {ergonomic}
    uintx GCDrainStackTargetSize                   = 64                                        {product} {ergonomic}
   size_t InitialHeapSize                          = 132120576                                 {product} {ergonomic}
   size_t MarkStackSize                            = 4194304                                   {product} {ergonomic}
   size_t MaxHeapSize                              = 2147483648                                {product} {command line}
   size_t MaxNewSize                               = 1287651328                                {product} {ergonomic}
   size_t MinHeapDeltaBytes                        = 1048576                                   {product} {ergonomic}
    uintx NonNMethodCodeHeapSize                   = 5836300                                {pd product} {ergonomic}
    uintx NonProfiledCodeHeapSize                  = 122910970                              {pd product} {ergonomic}
    uintx ProfiledCodeHeapSize                     = 122910970                              {pd product} {ergonomic}
    uintx ReservedCodeCacheSize                    = 251658240                              {pd product} {ergonomic}
     bool SegmentedCodeCache                       = true                                      {product} {ergonomic}
     bool UseCompressedClassPointers               = true                                 {lp64_product} {ergonomic}
     bool UseCompressedOops                        = true                                 {lp64_product} {ergonomic}
     bool UseG1GC                                  = true                                      {product} {ergonomic}
     bool UseLargePagesIndividualAllocation        = false                                  {pd product} {ergonomic}

Logging:
Log output configuration:
 #0: stdout all=warning uptime,level,tags
 #1: stderr all=off uptime,level,tags

Environment Variables:
JAVA_HOME=C:\Program Files\Java\jre1.8.0_341\bin
PATH=C:\Program Files (x86)\Common Files\Oracle\Java\javapath;C:\Windows\system32;C:\Windows;C:\Windows\System32\Wbem;C:\Windows\System32\WindowsPowerShell\v1.0\;C:\Windows\System32\OpenSSH\;C:\Program Files\dotnet\;C:\Program Files\Git\cmd;C:\Program Files\nodejs\;C:\ProgramData\chocolatey\bin;C:\WINDOWS\system32;C:\WINDOWS;C:\WINDOWS\System32\Wbem;C:\WINDOWS\System32\WindowsPowerShell\v1.0\;C:\WINDOWS\System32\OpenSSH\;C:\Users\RyanSamte\AppData\Local\Programs\Python\Python310\Scripts\;C:\Users\RyanSamte\AppData\Local\Programs\Python\Python310\;C:\Users\RyanSamte\AppData\Local\Microsoft\WindowsApps;C:\Users\RyanSamte\AppData\Local\Programs\Microsoft VS Code\bin;C:\Program Files\Git\bin;C:\Users\RyanSamte\.dotnet\tools;C:\Users\RyanSamte\AppData\Roaming\npm;C:\Python310;C:\adb;C:\Users\RyanSamte\AppData\Local\Android\Sdk\tools;C:\Users\RyanSamte\AppData\Local\Android\Sdk\platform-tools;C:\Users\RyanSamte\AppData\Local\Programs\Python\Python310\Scripts\;C:\Users\RyanSamte\AppData\Local\Programs\Python\Python310\;C:\Users\RyanSamte\AppData\Local\Microsoft\WindowsApps;C:\Users\RyanSamte\AppData\Local\Programs\Microsoft VS Code\bin;C:\Program Files\Git\bin;C:\Program Files\Git\cmd;C:\Users\RyanSamte\.dotnet\tools;C:\Users\RyanSamte\AppData\Roaming\npm;C:\Python310;
USERNAME=RyanSamte
OS=Windows_NT
PROCESSOR_IDENTIFIER=Intel64 Family 6 Model 140 Stepping 1, GenuineIntel



---------------  S Y S T E M  ---------------

OS: Windows 11 , 64 bit Build 22621 (10.0.22621.1194)
OS uptime: 11 days 0:06 hours
Hyper-V role detected

CPU:total 8 (initial active 8) (4 cores per cpu, 2 threads per core) family 6 model 140 stepping 1 microcode 0x8a, cmov, cx8, fxsr, mmx, sse, sse2, sse3, ssse3, sse4.1, sse4.2, popcnt, avx, avx2, aes, clmul, erms, 3dnowpref, lzcnt, ht, tsc, tscinvbit, bmi1, bmi2, adx, evex, sha, fma

Memory: 4k page, system-wide physical 7975M (306M free)
TotalPageFile size 32551M (AvailPageFile size 5M)
current process WorkingSet (physical memory assigned to process): 233M, peak: 558M
current process commit charge ("private bytes"): 703M, peak: 704M

vm_info: OpenJDK 64-Bit Server VM (11.0.13+0-b1751.21-8125866) for windows-amd64 JRE (11.0.13+0-b1751.21-8125866), built on Feb  2 2022 03:00:22 by "builder" with MS VC++ 14.0 (VS2015)

END.
